[0.896s] Invoking command in '/home/akshat1902/my_ws/src/image_conversion': PYTHONPATH=/home/akshat1902/my_ws/build/image_conversion/prefix_override:/usr/lib/python3/dist-packages/colcon_core/task/python/colcon_distutils_commands:/home/akshat1902/my_ws/install/image_conversion/lib/python3.10/site-packages:${PYTHONPATH} /usr/bin/python3 -W ignore:setup.py install is deprecated setup.py egg_info --egg-base ../../build/image_conversion build --build-base /home/akshat1902/my_ws/build/image_conversion/build install --record /home/akshat1902/my_ws/build/image_conversion/install.log --single-version-externally-managed install_data
[1.219s] running egg_info
[1.220s] writing ../../build/image_conversion/image_conversion.egg-info/PKG-INFO
[1.220s] writing dependency_links to ../../build/image_conversion/image_conversion.egg-info/dependency_links.txt
[1.221s] writing entry points to ../../build/image_conversion/image_conversion.egg-info/entry_points.txt
[1.221s] writing requirements to ../../build/image_conversion/image_conversion.egg-info/requires.txt
[1.221s] writing top-level names to ../../build/image_conversion/image_conversion.egg-info/top_level.txt
[1.223s] reading manifest file '../../build/image_conversion/image_conversion.egg-info/SOURCES.txt'
[1.224s] writing manifest file '../../build/image_conversion/image_conversion.egg-info/SOURCES.txt'
[1.224s] running build
[1.224s] running build_py
[1.225s] copying image_conversion/image_conversion.py -> /home/akshat1902/my_ws/build/image_conversion/build/lib/image_conversion
[1.225s] running install
[1.225s] running install_lib
[1.228s] copying /home/akshat1902/my_ws/build/image_conversion/build/lib/image_conversion/image_conversion.py -> /home/akshat1902/my_ws/install/image_conversion/lib/python3.10/site-packages/image_conversion
[1.229s] byte-compiling /home/akshat1902/my_ws/install/image_conversion/lib/python3.10/site-packages/image_conversion/image_conversion.py to image_conversion.cpython-310.pyc
[1.230s] running install_data
[1.230s] running install_egg_info
[1.232s] removing '/home/akshat1902/my_ws/install/image_conversion/lib/python3.10/site-packages/image_conversion-0.0.0-py3.10.egg-info' (and everything under it)
[1.232s] Copying ../../build/image_conversion/image_conversion.egg-info to /home/akshat1902/my_ws/install/image_conversion/lib/python3.10/site-packages/image_conversion-0.0.0-py3.10.egg-info
[1.234s] running install_scripts
[1.260s] Installing image_conversion script to /home/akshat1902/my_ws/install/image_conversion/lib/image_conversion
[1.260s] writing list of installed files to '/home/akshat1902/my_ws/build/image_conversion/install.log'
[1.307s] Invoked command in '/home/akshat1902/my_ws/src/image_conversion' returned '0': PYTHONPATH=/home/akshat1902/my_ws/build/image_conversion/prefix_override:/usr/lib/python3/dist-packages/colcon_core/task/python/colcon_distutils_commands:/home/akshat1902/my_ws/install/image_conversion/lib/python3.10/site-packages:${PYTHONPATH} /usr/bin/python3 -W ignore:setup.py install is deprecated setup.py egg_info --egg-base ../../build/image_conversion build --build-base /home/akshat1902/my_ws/build/image_conversion/build install --record /home/akshat1902/my_ws/build/image_conversion/install.log --single-version-externally-managed install_data
