[0.558s] Invoking command in '/home/akshat1902/my_ws/src/image_conversion': PYTHONPATH=/home/akshat1902/my_ws/build/image_conversion/prefix_override:/usr/lib/python3/dist-packages/colcon_core/task/python/colcon_distutils_commands:/home/akshat1902/my_ws/install/image_conversion/lib/python3.10/site-packages:${PYTHONPATH} /usr/bin/python3 -W ignore:setup.py install is deprecated setup.py egg_info --egg-base ../../build/image_conversion build --build-base /home/akshat1902/my_ws/build/image_conversion/build install --record /home/akshat1902/my_ws/build/image_conversion/install.log --single-version-externally-managed install_data
[0.759s] running egg_info
[0.760s] writing ../../build/image_conversion/image_conversion.egg-info/PKG-INFO
[0.760s] writing dependency_links to ../../build/image_conversion/image_conversion.egg-info/dependency_links.txt
[0.760s] writing entry points to ../../build/image_conversion/image_conversion.egg-info/entry_points.txt
[0.760s] writing requirements to ../../build/image_conversion/image_conversion.egg-info/requires.txt
[0.760s] writing top-level names to ../../build/image_conversion/image_conversion.egg-info/top_level.txt
[0.761s] reading manifest file '../../build/image_conversion/image_conversion.egg-info/SOURCES.txt'
[0.762s] writing manifest file '../../build/image_conversion/image_conversion.egg-info/SOURCES.txt'
[0.762s] running build
[0.762s] running build_py
[0.762s] copying image_conversion/image_conversion.py -> /home/akshat1902/my_ws/build/image_conversion/build/lib/image_conversion
[0.762s] running install
[0.763s] running install_lib
[0.764s] copying /home/akshat1902/my_ws/build/image_conversion/build/lib/image_conversion/image_conversion.py -> /home/akshat1902/my_ws/install/image_conversion/lib/python3.10/site-packages/image_conversion
[0.764s] byte-compiling /home/akshat1902/my_ws/install/image_conversion/lib/python3.10/site-packages/image_conversion/image_conversion.py to image_conversion.cpython-310.pyc
[0.765s] running install_data
[0.765s] running install_egg_info
[0.766s] removing '/home/akshat1902/my_ws/install/image_conversion/lib/python3.10/site-packages/image_conversion-0.0.0-py3.10.egg-info' (and everything under it)
[0.766s] Copying ../../build/image_conversion/image_conversion.egg-info to /home/akshat1902/my_ws/install/image_conversion/lib/python3.10/site-packages/image_conversion-0.0.0-py3.10.egg-info
[0.767s] running install_scripts
[0.783s] Installing image_conversion script to /home/akshat1902/my_ws/install/image_conversion/lib/image_conversion
[0.783s] writing list of installed files to '/home/akshat1902/my_ws/build/image_conversion/install.log'
[0.802s] Invoked command in '/home/akshat1902/my_ws/src/image_conversion' returned '0': PYTHONPATH=/home/akshat1902/my_ws/build/image_conversion/prefix_override:/usr/lib/python3/dist-packages/colcon_core/task/python/colcon_distutils_commands:/home/akshat1902/my_ws/install/image_conversion/lib/python3.10/site-packages:${PYTHONPATH} /usr/bin/python3 -W ignore:setup.py install is deprecated setup.py egg_info --egg-base ../../build/image_conversion build --build-base /home/akshat1902/my_ws/build/image_conversion/build install --record /home/akshat1902/my_ws/build/image_conversion/install.log --single-version-externally-managed install_data
