[0.096s] DEBUG:colcon:Command line arguments: ['/usr/bin/colcon', 'build']
[0.096s] DEBUG:colcon:Parsed command line arguments: Namespace(log_base=None, log_level=None, verb_name='build', build_base='build', install_base='install', merge_install=False, symlink_install=False, test_result_base=None, continue_on_error=False, executor='parallel', parallel_workers=12, event_handlers=None, ignore_user_meta=False, metas=['./colcon.meta'], base_paths=['.'], packages_ignore=None, packages_ignore_regex=None, paths=None, packages_up_to=None, packages_up_to_regex=None, packages_above=None, packages_above_and_dependencies=None, packages_above_depth=None, packages_select_by_dep=None, packages_skip_by_dep=None, packages_skip_up_to=None, packages_select_build_failed=False, packages_skip_build_finished=False, packages_select_test_failures=False, packages_skip_test_passed=False, packages_select=None, packages_skip=None, packages_select_regex=None, packages_skip_regex=None, packages_start=None, packages_end=None, allow_overriding=[], cmake_args=None, cmake_target=None, cmake_target_skip_unavailable=False, cmake_clean_cache=False, cmake_clean_first=False, cmake_force_configure=False, ament_cmake_args=None, catkin_cmake_args=None, catkin_skip_building_tests=False, mixin_files=None, mixin=None, verb_parser=<colcon_mixin.mixin.mixin_argument.MixinArgumentDecorator object at 0x72d0fad74e20>, verb_extension=<colcon_core.verb.build.BuildVerb object at 0x72d0fad747c0>, main=<bound method BuildVerb.main of <colcon_core.verb.build.BuildVerb object at 0x72d0fad747c0>>, mixin_verb=('build',))
[0.235s] Level 1:colcon.colcon_core.package_discovery:discover_packages(colcon_meta) check parameters
[0.235s] Level 1:colcon.colcon_core.package_discovery:discover_packages(recursive) check parameters
[0.235s] Level 1:colcon.colcon_core.package_discovery:discover_packages(ignore) check parameters
[0.235s] Level 1:colcon.colcon_core.package_discovery:discover_packages(path) check parameters
[0.235s] Level 1:colcon.colcon_core.package_discovery:discover_packages(colcon_meta) discover
[0.235s] Level 1:colcon.colcon_core.package_discovery:discover_packages(recursive) discover
[0.235s] INFO:colcon.colcon_core.package_discovery:Crawling recursively for packages in '/home/akshat1902/my_ws'
[0.235s] Level 1:colcon.colcon_core.package_identification:_identify(.) by extensions ['ignore', 'ignore_ament_install']
[0.235s] Level 1:colcon.colcon_core.package_identification:_identify(.) by extension 'ignore'
[0.235s] Level 1:colcon.colcon_core.package_identification:_identify(.) by extension 'ignore_ament_install'
[0.235s] Level 1:colcon.colcon_core.package_identification:_identify(.) by extensions ['colcon_pkg']
[0.235s] Level 1:colcon.colcon_core.package_identification:_identify(.) by extension 'colcon_pkg'
[0.235s] Level 1:colcon.colcon_core.package_identification:_identify(.) by extensions ['colcon_meta']
[0.235s] Level 1:colcon.colcon_core.package_identification:_identify(.) by extension 'colcon_meta'
[0.235s] Level 1:colcon.colcon_core.package_identification:_identify(.) by extensions ['ros']
[0.235s] Level 1:colcon.colcon_core.package_identification:_identify(.) by extension 'ros'
[0.243s] Level 1:colcon.colcon_core.package_identification:_identify(.) by extensions ['cmake', 'python']
[0.243s] Level 1:colcon.colcon_core.package_identification:_identify(.) by extension 'cmake'
[0.243s] Level 1:colcon.colcon_core.package_identification:_identify(.) by extension 'python'
[0.243s] Level 1:colcon.colcon_core.package_identification:_identify(.) by extensions ['python_setup_py']
[0.243s] Level 1:colcon.colcon_core.package_identification:_identify(.) by extension 'python_setup_py'
[0.243s] Level 1:colcon.colcon_core.package_identification:_identify(build) by extensions ['ignore', 'ignore_ament_install']
[0.243s] Level 1:colcon.colcon_core.package_identification:_identify(build) by extension 'ignore'
[0.243s] Level 1:colcon.colcon_core.package_identification:_identify(build) ignored
[0.243s] Level 1:colcon.colcon_core.package_identification:_identify(install) by extensions ['ignore', 'ignore_ament_install']
[0.244s] Level 1:colcon.colcon_core.package_identification:_identify(install) by extension 'ignore'
[0.244s] Level 1:colcon.colcon_core.package_identification:_identify(install) ignored
[0.244s] Level 1:colcon.colcon_core.package_identification:_identify(log) by extensions ['ignore', 'ignore_ament_install']
[0.244s] Level 1:colcon.colcon_core.package_identification:_identify(log) by extension 'ignore'
[0.244s] Level 1:colcon.colcon_core.package_identification:_identify(log) ignored
[0.244s] Level 1:colcon.colcon_core.package_identification:_identify(src) by extensions ['ignore', 'ignore_ament_install']
[0.244s] Level 1:colcon.colcon_core.package_identification:_identify(src) by extension 'ignore'
[0.244s] Level 1:colcon.colcon_core.package_identification:_identify(src) by extension 'ignore_ament_install'
[0.244s] Level 1:colcon.colcon_core.package_identification:_identify(src) by extensions ['colcon_pkg']
[0.244s] Level 1:colcon.colcon_core.package_identification:_identify(src) by extension 'colcon_pkg'
[0.244s] Level 1:colcon.colcon_core.package_identification:_identify(src) by extensions ['colcon_meta']
[0.244s] Level 1:colcon.colcon_core.package_identification:_identify(src) by extension 'colcon_meta'
[0.244s] Level 1:colcon.colcon_core.package_identification:_identify(src) by extensions ['ros']
[0.244s] Level 1:colcon.colcon_core.package_identification:_identify(src) by extension 'ros'
[0.244s] Level 1:colcon.colcon_core.package_identification:_identify(src) by extensions ['cmake', 'python']
[0.244s] Level 1:colcon.colcon_core.package_identification:_identify(src) by extension 'cmake'
[0.244s] Level 1:colcon.colcon_core.package_identification:_identify(src) by extension 'python'
[0.244s] Level 1:colcon.colcon_core.package_identification:_identify(src) by extensions ['python_setup_py']
[0.244s] Level 1:colcon.colcon_core.package_identification:_identify(src) by extension 'python_setup_py'
[0.244s] Level 1:colcon.colcon_core.package_identification:_identify(src/usb_cam) by extensions ['ignore', 'ignore_ament_install']
[0.244s] Level 1:colcon.colcon_core.package_identification:_identify(src/usb_cam) by extension 'ignore'
[0.244s] Level 1:colcon.colcon_core.package_identification:_identify(src/usb_cam) by extension 'ignore_ament_install'
[0.244s] Level 1:colcon.colcon_core.package_identification:_identify(src/usb_cam) by extensions ['colcon_pkg']
[0.244s] Level 1:colcon.colcon_core.package_identification:_identify(src/usb_cam) by extension 'colcon_pkg'
[0.244s] Level 1:colcon.colcon_core.package_identification:_identify(src/usb_cam) by extensions ['colcon_meta']
[0.245s] Level 1:colcon.colcon_core.package_identification:_identify(src/usb_cam) by extension 'colcon_meta'
[0.245s] Level 1:colcon.colcon_core.package_identification:_identify(src/usb_cam) by extensions ['ros']
[0.245s] Level 1:colcon.colcon_core.package_identification:_identify(src/usb_cam) by extension 'ros'
[0.258s] DEBUG:colcon.colcon_core.package_identification:Package 'src/usb_cam' with type 'ros.ament_cmake' and name 'usb_cam'
[0.258s] Level 1:colcon.colcon_core.package_discovery:discover_packages(recursive) using defaults
[0.258s] Level 1:colcon.colcon_core.package_discovery:discover_packages(ignore) discover
[0.258s] Level 1:colcon.colcon_core.package_discovery:discover_packages(ignore) using defaults
[0.258s] Level 1:colcon.colcon_core.package_discovery:discover_packages(path) discover
[0.258s] Level 1:colcon.colcon_core.package_discovery:discover_packages(path) using defaults
[0.274s] Level 1:colcon.colcon_core.package_discovery:discover_packages(prefix_path) check parameters
[0.274s] Level 1:colcon.colcon_core.package_discovery:discover_packages(prefix_path) discover
[0.276s] DEBUG:colcon.colcon_installed_package_information.package_discovery:Found 1 installed packages in /home/akshat1902/my_ws/install
[0.277s] DEBUG:colcon.colcon_installed_package_information.package_discovery:Found 23 installed packages in /home/akshat1902/robo_ws/install
[0.277s] DEBUG:colcon.colcon_installed_package_information.package_discovery:Found 13 installed packages in /home/akshat1902/eyr_ws/install
[0.279s] DEBUG:colcon.colcon_installed_package_information.package_discovery:Found 459 installed packages in /opt/ros/humble
[0.281s] Level 1:colcon.colcon_core.package_discovery:discover_packages(prefix_path) using defaults
[0.324s] Level 5:colcon.colcon_core.verb:set package 'usb_cam' build argument 'cmake_args' from command line to 'None'
[0.324s] Level 5:colcon.colcon_core.verb:set package 'usb_cam' build argument 'cmake_target' from command line to 'None'
[0.324s] Level 5:colcon.colcon_core.verb:set package 'usb_cam' build argument 'cmake_target_skip_unavailable' from command line to 'False'
[0.324s] Level 5:colcon.colcon_core.verb:set package 'usb_cam' build argument 'cmake_clean_cache' from command line to 'False'
[0.324s] Level 5:colcon.colcon_core.verb:set package 'usb_cam' build argument 'cmake_clean_first' from command line to 'False'
[0.324s] Level 5:colcon.colcon_core.verb:set package 'usb_cam' build argument 'cmake_force_configure' from command line to 'False'
[0.324s] Level 5:colcon.colcon_core.verb:set package 'usb_cam' build argument 'ament_cmake_args' from command line to 'None'
[0.324s] Level 5:colcon.colcon_core.verb:set package 'usb_cam' build argument 'catkin_cmake_args' from command line to 'None'
[0.324s] Level 5:colcon.colcon_core.verb:set package 'usb_cam' build argument 'catkin_skip_building_tests' from command line to 'False'
[0.324s] DEBUG:colcon.colcon_core.verb:Building package 'usb_cam' with the following arguments: {'ament_cmake_args': None, 'build_base': '/home/akshat1902/my_ws/build/usb_cam', 'catkin_cmake_args': None, 'catkin_skip_building_tests': False, 'cmake_args': None, 'cmake_clean_cache': False, 'cmake_clean_first': False, 'cmake_force_configure': False, 'cmake_target': None, 'cmake_target_skip_unavailable': False, 'install_base': '/home/akshat1902/my_ws/install/usb_cam', 'merge_install': False, 'path': '/home/akshat1902/my_ws/src/usb_cam', 'symlink_install': False, 'test_result_base': None}
[0.324s] INFO:colcon.colcon_core.executor:Executing jobs using 'parallel' executor
[0.325s] DEBUG:colcon.colcon_parallel_executor.executor.parallel:run_until_complete
[0.325s] INFO:colcon.colcon_ros.task.ament_cmake.build:Building ROS package in '/home/akshat1902/my_ws/src/usb_cam' with build type 'ament_cmake'
[0.325s] INFO:colcon.colcon_cmake.task.cmake.build:Building CMake package in '/home/akshat1902/my_ws/src/usb_cam'
[0.327s] INFO:colcon.colcon_core.plugin_system:Skipping extension 'colcon_core.shell.bat': Not used on non-Windows systems
[0.327s] INFO:colcon.colcon_core.shell:Skip shell extension 'powershell' for command environment: Not usable outside of PowerShell
[0.327s] DEBUG:colcon.colcon_core.shell:Skip shell extension 'dsv' for command environment
[0.338s] DEBUG:colcon.colcon_core.event_handler.log_command:Invoking command in '/home/akshat1902/my_ws/build/usb_cam': CMAKE_PREFIX_PATH=${CMAKE_PREFIX_PATH}:/home/akshat1902/eyr_ws/install/ur5_control:/home/akshat1902/eyr_ws/install/sample_pkg_check:/home/akshat1902/eyr_ws/install/sample_pkg:/home/akshat1902/eyr_ws/install/ebot_navigation:/home/akshat1902/robo_ws/install/task:/home/akshat1902/robo_ws/install/moveit_configs_utils:/home/akshat1902/robo_ws/install/learning_tf2_py:/home/akshat1902/robo_ws/install/launch_param_builder:/home/akshat1902/robo_ws/install/goal6:/home/akshat1902/robo_ws/install/goal5:/home/akshat1902/robo_ws/install/goal4:/home/akshat1902/robo_ws/install/goal3:/home/akshat1902/robo_ws/install/goal2:/home/akshat1902/robo_ws/install/control_ur:/opt/ros/humble /usr/bin/cmake --build /home/akshat1902/my_ws/build/usb_cam -- -j12 -l12
[8.777s] DEBUG:colcon.colcon_core.event_handler.log_command:Invoked command in '/home/akshat1902/my_ws/build/usb_cam' returned '0': CMAKE_PREFIX_PATH=${CMAKE_PREFIX_PATH}:/home/akshat1902/eyr_ws/install/ur5_control:/home/akshat1902/eyr_ws/install/sample_pkg_check:/home/akshat1902/eyr_ws/install/sample_pkg:/home/akshat1902/eyr_ws/install/ebot_navigation:/home/akshat1902/robo_ws/install/task:/home/akshat1902/robo_ws/install/moveit_configs_utils:/home/akshat1902/robo_ws/install/learning_tf2_py:/home/akshat1902/robo_ws/install/launch_param_builder:/home/akshat1902/robo_ws/install/goal6:/home/akshat1902/robo_ws/install/goal5:/home/akshat1902/robo_ws/install/goal4:/home/akshat1902/robo_ws/install/goal3:/home/akshat1902/robo_ws/install/goal2:/home/akshat1902/robo_ws/install/control_ur:/opt/ros/humble /usr/bin/cmake --build /home/akshat1902/my_ws/build/usb_cam -- -j12 -l12
[8.833s] DEBUG:colcon.colcon_core.event_handler.log_command:Invoking command in '/home/akshat1902/my_ws/build/usb_cam': CMAKE_PREFIX_PATH=${CMAKE_PREFIX_PATH}:/home/akshat1902/eyr_ws/install/ur5_control:/home/akshat1902/eyr_ws/install/sample_pkg_check:/home/akshat1902/eyr_ws/install/sample_pkg:/home/akshat1902/eyr_ws/install/ebot_navigation:/home/akshat1902/robo_ws/install/task:/home/akshat1902/robo_ws/install/moveit_configs_utils:/home/akshat1902/robo_ws/install/learning_tf2_py:/home/akshat1902/robo_ws/install/launch_param_builder:/home/akshat1902/robo_ws/install/goal6:/home/akshat1902/robo_ws/install/goal5:/home/akshat1902/robo_ws/install/goal4:/home/akshat1902/robo_ws/install/goal3:/home/akshat1902/robo_ws/install/goal2:/home/akshat1902/robo_ws/install/control_ur:/opt/ros/humble /usr/bin/cmake --install /home/akshat1902/my_ws/build/usb_cam
[8.853s] Level 1:colcon.colcon_core.environment:create_environment_scripts_only(usb_cam)
[8.853s] DEBUG:colcon.colcon_core.event_handler.log_command:Invoked command in '/home/akshat1902/my_ws/build/usb_cam' returned '0': CMAKE_PREFIX_PATH=${CMAKE_PREFIX_PATH}:/home/akshat1902/eyr_ws/install/ur5_control:/home/akshat1902/eyr_ws/install/sample_pkg_check:/home/akshat1902/eyr_ws/install/sample_pkg:/home/akshat1902/eyr_ws/install/ebot_navigation:/home/akshat1902/robo_ws/install/task:/home/akshat1902/robo_ws/install/moveit_configs_utils:/home/akshat1902/robo_ws/install/learning_tf2_py:/home/akshat1902/robo_ws/install/launch_param_builder:/home/akshat1902/robo_ws/install/goal6:/home/akshat1902/robo_ws/install/goal5:/home/akshat1902/robo_ws/install/goal4:/home/akshat1902/robo_ws/install/goal3:/home/akshat1902/robo_ws/install/goal2:/home/akshat1902/robo_ws/install/control_ur:/opt/ros/humble /usr/bin/cmake --install /home/akshat1902/my_ws/build/usb_cam
[8.855s] Level 1:colcon.colcon_core.environment:checking '/home/akshat1902/my_ws/install/usb_cam' for CMake module files
[8.856s] Level 1:colcon.colcon_core.environment:checking '/home/akshat1902/my_ws/install/usb_cam' for CMake config files
[8.856s] Level 1:colcon.colcon_core.shell:create_environment_hook('usb_cam', 'cmake_prefix_path')
[8.856s] INFO:colcon.colcon_core.shell:Creating environment hook '/home/akshat1902/my_ws/install/usb_cam/share/usb_cam/hook/cmake_prefix_path.ps1'
[8.856s] INFO:colcon.colcon_core.shell:Creating environment descriptor '/home/akshat1902/my_ws/install/usb_cam/share/usb_cam/hook/cmake_prefix_path.dsv'
[8.857s] INFO:colcon.colcon_core.shell:Creating environment hook '/home/akshat1902/my_ws/install/usb_cam/share/usb_cam/hook/cmake_prefix_path.sh'
[8.858s] Level 1:colcon.colcon_core.environment:checking '/home/akshat1902/my_ws/install/usb_cam/lib'
[8.858s] Level 1:colcon.colcon_core.shell:create_environment_hook('usb_cam', 'ld_library_path_lib')
[8.858s] INFO:colcon.colcon_core.shell:Creating environment hook '/home/akshat1902/my_ws/install/usb_cam/share/usb_cam/hook/ld_library_path_lib.ps1'
[8.858s] INFO:colcon.colcon_core.shell:Creating environment descriptor '/home/akshat1902/my_ws/install/usb_cam/share/usb_cam/hook/ld_library_path_lib.dsv'
[8.858s] INFO:colcon.colcon_core.shell:Creating environment hook '/home/akshat1902/my_ws/install/usb_cam/share/usb_cam/hook/ld_library_path_lib.sh'
[8.859s] Level 1:colcon.colcon_core.environment:checking '/home/akshat1902/my_ws/install/usb_cam/bin'
[8.859s] Level 1:colcon.colcon_core.environment:checking '/home/akshat1902/my_ws/install/usb_cam/lib/pkgconfig/usb_cam.pc'
[8.859s] Level 1:colcon.colcon_core.environment:checking '/home/akshat1902/my_ws/install/usb_cam/lib/python3.10/site-packages'
[8.859s] Level 1:colcon.colcon_core.environment:checking '/home/akshat1902/my_ws/install/usb_cam/bin'
[8.859s] INFO:colcon.colcon_core.shell:Creating package script '/home/akshat1902/my_ws/install/usb_cam/share/usb_cam/package.ps1'
[8.860s] INFO:colcon.colcon_core.shell:Creating package descriptor '/home/akshat1902/my_ws/install/usb_cam/share/usb_cam/package.dsv'
[8.860s] INFO:colcon.colcon_core.shell:Creating package script '/home/akshat1902/my_ws/install/usb_cam/share/usb_cam/package.sh'
[8.861s] INFO:colcon.colcon_core.shell:Creating package script '/home/akshat1902/my_ws/install/usb_cam/share/usb_cam/package.bash'
[8.861s] INFO:colcon.colcon_core.shell:Creating package script '/home/akshat1902/my_ws/install/usb_cam/share/usb_cam/package.zsh'
[8.862s] Level 1:colcon.colcon_core.environment:create_file_with_runtime_dependencies(/home/akshat1902/my_ws/install/usb_cam/share/colcon-core/packages/usb_cam)
[8.908s] Level 1:colcon.colcon_core.environment:create_environment_scripts_only(usb_cam)
[8.908s] Level 1:colcon.colcon_core.environment:checking '/home/akshat1902/my_ws/install/usb_cam' for CMake module files
[8.909s] Level 1:colcon.colcon_core.environment:checking '/home/akshat1902/my_ws/install/usb_cam' for CMake config files
[8.909s] Level 1:colcon.colcon_core.shell:create_environment_hook('usb_cam', 'cmake_prefix_path')
[8.909s] INFO:colcon.colcon_core.shell:Creating environment hook '/home/akshat1902/my_ws/install/usb_cam/share/usb_cam/hook/cmake_prefix_path.ps1'
[8.909s] INFO:colcon.colcon_core.shell:Creating environment descriptor '/home/akshat1902/my_ws/install/usb_cam/share/usb_cam/hook/cmake_prefix_path.dsv'
[8.909s] INFO:colcon.colcon_core.shell:Creating environment hook '/home/akshat1902/my_ws/install/usb_cam/share/usb_cam/hook/cmake_prefix_path.sh'
[8.910s] Level 1:colcon.colcon_core.environment:checking '/home/akshat1902/my_ws/install/usb_cam/lib'
[8.910s] Level 1:colcon.colcon_core.shell:create_environment_hook('usb_cam', 'ld_library_path_lib')
[8.910s] INFO:colcon.colcon_core.shell:Creating environment hook '/home/akshat1902/my_ws/install/usb_cam/share/usb_cam/hook/ld_library_path_lib.ps1'
[8.910s] INFO:colcon.colcon_core.shell:Creating environment descriptor '/home/akshat1902/my_ws/install/usb_cam/share/usb_cam/hook/ld_library_path_lib.dsv'
[8.911s] INFO:colcon.colcon_core.shell:Creating environment hook '/home/akshat1902/my_ws/install/usb_cam/share/usb_cam/hook/ld_library_path_lib.sh'
[8.911s] Level 1:colcon.colcon_core.environment:checking '/home/akshat1902/my_ws/install/usb_cam/bin'
[8.911s] Level 1:colcon.colcon_core.environment:checking '/home/akshat1902/my_ws/install/usb_cam/lib/pkgconfig/usb_cam.pc'
[8.911s] Level 1:colcon.colcon_core.environment:checking '/home/akshat1902/my_ws/install/usb_cam/lib/python3.10/site-packages'
[8.911s] Level 1:colcon.colcon_core.environment:checking '/home/akshat1902/my_ws/install/usb_cam/bin'
[8.911s] INFO:colcon.colcon_core.shell:Creating package script '/home/akshat1902/my_ws/install/usb_cam/share/usb_cam/package.ps1'
[8.912s] INFO:colcon.colcon_core.shell:Creating package descriptor '/home/akshat1902/my_ws/install/usb_cam/share/usb_cam/package.dsv'
[8.912s] INFO:colcon.colcon_core.shell:Creating package script '/home/akshat1902/my_ws/install/usb_cam/share/usb_cam/package.sh'
[8.913s] INFO:colcon.colcon_core.shell:Creating package script '/home/akshat1902/my_ws/install/usb_cam/share/usb_cam/package.bash'
[8.913s] INFO:colcon.colcon_core.shell:Creating package script '/home/akshat1902/my_ws/install/usb_cam/share/usb_cam/package.zsh'
[8.913s] Level 1:colcon.colcon_core.environment:create_file_with_runtime_dependencies(/home/akshat1902/my_ws/install/usb_cam/share/colcon-core/packages/usb_cam)
[8.913s] DEBUG:colcon.colcon_parallel_executor.executor.parallel:closing loop
[8.914s] DEBUG:colcon.colcon_parallel_executor.executor.parallel:loop closed
[8.914s] DEBUG:colcon.colcon_parallel_executor.executor.parallel:run_until_complete finished with '0'
[8.914s] DEBUG:colcon.colcon_core.event_reactor:joining thread
[8.918s] INFO:colcon.colcon_core.plugin_system:Skipping extension 'colcon_notification.desktop_notification.terminal_notifier': Not used on non-Darwin systems
[8.918s] INFO:colcon.colcon_core.plugin_system:Skipping extension 'colcon_notification.desktop_notification.win32': Not used on non-Windows systems
[8.918s] INFO:colcon.colcon_notification.desktop_notification:Sending desktop notification using 'notify2'
[8.927s] DEBUG:colcon.colcon_core.event_reactor:joined thread
[8.928s] INFO:colcon.colcon_core.shell:Creating prefix script '/home/akshat1902/my_ws/install/local_setup.ps1'
[8.928s] INFO:colcon.colcon_core.shell:Creating prefix util module '/home/akshat1902/my_ws/install/_local_setup_util_ps1.py'
[8.929s] INFO:colcon.colcon_core.shell:Creating prefix chain script '/home/akshat1902/my_ws/install/setup.ps1'
[8.931s] INFO:colcon.colcon_core.shell:Creating prefix script '/home/akshat1902/my_ws/install/local_setup.sh'
[8.932s] INFO:colcon.colcon_core.shell:Creating prefix util module '/home/akshat1902/my_ws/install/_local_setup_util_sh.py'
[8.932s] INFO:colcon.colcon_core.shell:Creating prefix chain script '/home/akshat1902/my_ws/install/setup.sh'
[8.934s] INFO:colcon.colcon_core.shell:Creating prefix script '/home/akshat1902/my_ws/install/local_setup.bash'
[8.934s] INFO:colcon.colcon_core.shell:Creating prefix chain script '/home/akshat1902/my_ws/install/setup.bash'
[8.936s] INFO:colcon.colcon_core.shell:Creating prefix script '/home/akshat1902/my_ws/install/local_setup.zsh'
[8.936s] INFO:colcon.colcon_core.shell:Creating prefix chain script '/home/akshat1902/my_ws/install/setup.zsh'
