[0.013s] Invoking command in '/home/akshat1902/my_ws/build/usb_cam': CMAKE_PREFIX_PATH=${CMAKE_PREFIX_PATH}:/home/akshat1902/eyr_ws/install/ur5_control:/home/akshat1902/eyr_ws/install/sample_pkg_check:/home/akshat1902/eyr_ws/install/sample_pkg:/home/akshat1902/eyr_ws/install/ebot_navigation:/home/akshat1902/robo_ws/install/task:/home/akshat1902/robo_ws/install/moveit_configs_utils:/home/akshat1902/robo_ws/install/learning_tf2_py:/home/akshat1902/robo_ws/install/launch_param_builder:/home/akshat1902/robo_ws/install/goal6:/home/akshat1902/robo_ws/install/goal5:/home/akshat1902/robo_ws/install/goal4:/home/akshat1902/robo_ws/install/goal3:/home/akshat1902/robo_ws/install/goal2:/home/akshat1902/robo_ws/install/control_ur:/opt/ros/humble /usr/bin/cmake --build /home/akshat1902/my_ws/build/usb_cam -- -j12 -l12
[0.040s] -- Found ament_cmake_auto: 1.3.10 (/opt/ros/humble/share/ament_cmake_auto/cmake)
[0.231s] -- Found rosidl_generator_c: 3.1.5 (/opt/ros/humble/share/rosidl_generator_c/cmake)
[0.232s] -- Found rosidl_adapter: 3.1.5 (/opt/ros/humble/share/rosidl_adapter/cmake)
[0.237s] -- Found rosidl_generator_cpp: 3.1.5 (/opt/ros/humble/share/rosidl_generator_cpp/cmake)
[0.245s] -- Using all available rosidl_typesupport_c: rosidl_typesupport_fastrtps_c;rosidl_typesupport_introspection_c
[0.254s] -- Using all available rosidl_typesupport_cpp: rosidl_typesupport_fastrtps_cpp;rosidl_typesupport_introspection_cpp
[0.278s] -- Found rmw_implementation_cmake: 6.1.2 (/opt/ros/humble/share/rmw_implementation_cmake/cmake)
[0.280s] -- Found rmw_fastrtps_cpp: 6.2.7 (/opt/ros/humble/share/rmw_fastrtps_cpp/cmake)
[0.384s] -- Using RMW implementation 'rmw_fastrtps_cpp' as default
[0.543s] -- Found ament_lint_auto: 0.12.11 (/opt/ros/humble/share/ament_lint_auto/cmake)
[0.548s] -- Found gtest sources under '/opt/ros/humble/src/gtest_vendor': C++ tests using 'Google Test' will be built
[0.555s] -- Added test 'copyright' to check source files copyright and LICENSE
[0.560s] -- Added test 'cppcheck' to perform static code analysis on C / C++ code
[0.561s] -- Configured cppcheck include dirs: /home/akshat1902/my_ws/src/usb_cam/include
[0.561s] -- Configured cppcheck exclude dirs and/or files: 
[0.566s] -- Added test 'cpplint' to check C / C++ code against the Google style
[0.566s] -- Configured cpplint exclude dirs and/or files: 
[0.566s] -- Added test 'flake8' to check Python code syntax and style conventions
[0.568s] -- Added test 'lint_cmake' to check CMake code style
[0.568s] -- Added test 'pep257' to check Python code against some of the docstring style conventions in PEP 257
[0.573s] -- Added test 'uncrustify' to check C / C++ code style
[0.573s] -- Configured uncrustify additional arguments: 
[0.574s] -- Added test 'xmllint' to check XML markup files
[0.575s] -- Configuring done
[0.599s] -- Generating done
[0.602s] -- Build files have been written to: /home/akshat1902/my_ws/build/usb_cam
[0.631s] [35m[1mConsolidate compiler generated dependencies of target gtest_main[0m
[0.631s] [35m[1mConsolidate compiler generated dependencies of target gtest[0m
[0.631s] [35m[1mConsolidate compiler generated dependencies of target usb_cam[0m
[0.631s] [35m[1mConsolidate compiler generated dependencies of target usb_cam_node_exe[0m
[0.644s] [ 28%] [32mBuilding CXX object CMakeFiles/usb_cam.dir/src/usb_cam.cpp.o[0m
[0.644s] [ 35%] Built target gtest
[0.644s] [ 35%] Built target gtest_main
[0.646s] [ 50%] Built target usb_cam_node_exe
[2.009s] [ 57%] [32m[1mLinking CXX shared library libusb_cam.so[0m
[2.155s] [ 57%] Built target usb_cam
[2.166s] [35m[1mConsolidate compiler generated dependencies of target test_usb_cam_utils[0m
[2.166s] [35m[1mConsolidate compiler generated dependencies of target test_pixel_formats[0m
[2.167s] [35m[1mConsolidate compiler generated dependencies of target usb_cam_node[0m
[2.180s] [ 71%] [32mBuilding CXX object CMakeFiles/test_usb_cam_utils.dir/test/test_usb_cam_utils.cpp.o[0m
[2.180s] [ 71%] [32mBuilding CXX object CMakeFiles/test_pixel_formats.dir/test/test_pixel_formats.cpp.o[0m
[2.183s] [ 78%] [32mBuilding CXX object CMakeFiles/usb_cam_node.dir/src/ros2/usb_cam_node.cpp.o[0m
[3.189s] [ 85%] [32m[1mLinking CXX executable test_usb_cam_utils[0m
[3.334s] [ 85%] Built target test_usb_cam_utils
[3.452s] [ 92%] [32m[1mLinking CXX executable test_pixel_formats[0m
[3.586s] [ 92%] Built target test_pixel_formats
[8.146s] [100%] [32m[1mLinking CXX shared library libusb_cam_node.so[0m
[8.439s] [100%] Built target usb_cam_node
[8.452s] Invoked command in '/home/akshat1902/my_ws/build/usb_cam' returned '0': CMAKE_PREFIX_PATH=${CMAKE_PREFIX_PATH}:/home/akshat1902/eyr_ws/install/ur5_control:/home/akshat1902/eyr_ws/install/sample_pkg_check:/home/akshat1902/eyr_ws/install/sample_pkg:/home/akshat1902/eyr_ws/install/ebot_navigation:/home/akshat1902/robo_ws/install/task:/home/akshat1902/robo_ws/install/moveit_configs_utils:/home/akshat1902/robo_ws/install/learning_tf2_py:/home/akshat1902/robo_ws/install/launch_param_builder:/home/akshat1902/robo_ws/install/goal6:/home/akshat1902/robo_ws/install/goal5:/home/akshat1902/robo_ws/install/goal4:/home/akshat1902/robo_ws/install/goal3:/home/akshat1902/robo_ws/install/goal2:/home/akshat1902/robo_ws/install/control_ur:/opt/ros/humble /usr/bin/cmake --build /home/akshat1902/my_ws/build/usb_cam -- -j12 -l12
[8.507s] Invoking command in '/home/akshat1902/my_ws/build/usb_cam': CMAKE_PREFIX_PATH=${CMAKE_PREFIX_PATH}:/home/akshat1902/eyr_ws/install/ur5_control:/home/akshat1902/eyr_ws/install/sample_pkg_check:/home/akshat1902/eyr_ws/install/sample_pkg:/home/akshat1902/eyr_ws/install/ebot_navigation:/home/akshat1902/robo_ws/install/task:/home/akshat1902/robo_ws/install/moveit_configs_utils:/home/akshat1902/robo_ws/install/learning_tf2_py:/home/akshat1902/robo_ws/install/launch_param_builder:/home/akshat1902/robo_ws/install/goal6:/home/akshat1902/robo_ws/install/goal5:/home/akshat1902/robo_ws/install/goal4:/home/akshat1902/robo_ws/install/goal3:/home/akshat1902/robo_ws/install/goal2:/home/akshat1902/robo_ws/install/control_ur:/opt/ros/humble /usr/bin/cmake --install /home/akshat1902/my_ws/build/usb_cam
[8.515s] -- Install configuration: ""
[8.515s] -- Up-to-date: /home/akshat1902/my_ws/install/usb_cam/share/usb_cam/environment/library_path.sh
[8.515s] -- Installing: /home/akshat1902/my_ws/install/usb_cam/share/usb_cam/environment/library_path.dsv
[8.515s] -- Up-to-date: /home/akshat1902/my_ws/install/usb_cam/lib/usb_cam/usb_cam_node_exe
[8.515s] -- Installing: /home/akshat1902/my_ws/install/usb_cam/lib/usb_cam/show_image.py
[8.516s] -- Installing: /home/akshat1902/my_ws/install/usb_cam/lib/libusb_cam.so
[8.517s] -- Installing: /home/akshat1902/my_ws/install/usb_cam/lib/libusb_cam_node.so
[8.521s] -- Set runtime path of "/home/akshat1902/my_ws/install/usb_cam/lib/libusb_cam_node.so" to ""
[8.521s] -- Up-to-date: /home/akshat1902/my_ws/install/usb_cam/include
[8.521s] -- Up-to-date: /home/akshat1902/my_ws/install/usb_cam/include/usb_cam
[8.522s] -- Installing: /home/akshat1902/my_ws/install/usb_cam/include/usb_cam/conversions.hpp
[8.522s] -- Installing: /home/akshat1902/my_ws/install/usb_cam/include/usb_cam/usb_cam_node.hpp
[8.522s] -- Installing: /home/akshat1902/my_ws/install/usb_cam/include/usb_cam/usb_cam.hpp
[8.522s] -- Installing: /home/akshat1902/my_ws/install/usb_cam/include/usb_cam/utils.hpp
[8.522s] -- Up-to-date: /home/akshat1902/my_ws/install/usb_cam/include/usb_cam/formats
[8.522s] -- Installing: /home/akshat1902/my_ws/install/usb_cam/include/usb_cam/formats/m420.hpp
[8.522s] -- Installing: /home/akshat1902/my_ws/install/usb_cam/include/usb_cam/formats/yuyv.hpp
[8.522s] -- Installing: /home/akshat1902/my_ws/install/usb_cam/include/usb_cam/formats/pixel_format_base.hpp
[8.522s] -- Installing: /home/akshat1902/my_ws/install/usb_cam/include/usb_cam/formats/uyvy.hpp
[8.523s] -- Installing: /home/akshat1902/my_ws/install/usb_cam/include/usb_cam/formats/utils.hpp
[8.523s] -- Installing: /home/akshat1902/my_ws/install/usb_cam/include/usb_cam/formats/rgb.hpp
[8.523s] -- Installing: /home/akshat1902/my_ws/install/usb_cam/include/usb_cam/formats/mono.hpp
[8.523s] -- Installing: /home/akshat1902/my_ws/install/usb_cam/include/usb_cam/formats/av_pixel_format_helper.hpp
[8.523s] -- Installing: /home/akshat1902/my_ws/install/usb_cam/include/usb_cam/formats/mjpeg.hpp
[8.523s] -- Installing: /home/akshat1902/my_ws/install/usb_cam/include/usb_cam/constants.hpp
[8.524s] -- Up-to-date: /home/akshat1902/my_ws/install/usb_cam/lib/libusb_cam_node.so
[8.524s] -- Up-to-date: /home/akshat1902/my_ws/install/usb_cam/share/usb_cam/launch
[8.524s] -- Installing: /home/akshat1902/my_ws/install/usb_cam/share/usb_cam/launch/camera.launch.py
[8.524s] -- Installing: /home/akshat1902/my_ws/install/usb_cam/share/usb_cam/launch/__init__.py
[8.524s] -- Installing: /home/akshat1902/my_ws/install/usb_cam/share/usb_cam/launch/camera_config.py
[8.524s] -- Up-to-date: /home/akshat1902/my_ws/install/usb_cam/share/usb_cam/config
[8.524s] -- Installing: /home/akshat1902/my_ws/install/usb_cam/share/usb_cam/config/params_2.yaml
[8.524s] -- Installing: /home/akshat1902/my_ws/install/usb_cam/share/usb_cam/config/camera_info.yaml
[8.525s] -- Installing: /home/akshat1902/my_ws/install/usb_cam/share/usb_cam/config/params_1.yaml
[8.525s] -- Up-to-date: /home/akshat1902/my_ws/install/usb_cam/share/ament_index/resource_index/package_run_dependencies/usb_cam
[8.525s] -- Installing: /home/akshat1902/my_ws/install/usb_cam/share/ament_index/resource_index/parent_prefix_path/usb_cam
[8.525s] -- Up-to-date: /home/akshat1902/my_ws/install/usb_cam/share/usb_cam/environment/ament_prefix_path.sh
[8.525s] -- Installing: /home/akshat1902/my_ws/install/usb_cam/share/usb_cam/environment/ament_prefix_path.dsv
[8.525s] -- Up-to-date: /home/akshat1902/my_ws/install/usb_cam/share/usb_cam/environment/path.sh
[8.525s] -- Installing: /home/akshat1902/my_ws/install/usb_cam/share/usb_cam/environment/path.dsv
[8.525s] -- Up-to-date: /home/akshat1902/my_ws/install/usb_cam/share/usb_cam/local_setup.bash
[8.526s] -- Up-to-date: /home/akshat1902/my_ws/install/usb_cam/share/usb_cam/local_setup.sh
[8.526s] -- Up-to-date: /home/akshat1902/my_ws/install/usb_cam/share/usb_cam/local_setup.zsh
[8.526s] -- Installing: /home/akshat1902/my_ws/install/usb_cam/share/usb_cam/local_setup.dsv
[8.526s] -- Installing: /home/akshat1902/my_ws/install/usb_cam/share/usb_cam/package.dsv
[8.526s] -- Up-to-date: /home/akshat1902/my_ws/install/usb_cam/share/ament_index/resource_index/packages/usb_cam
[8.526s] -- Up-to-date: /home/akshat1902/my_ws/install/usb_cam/share/ament_index/resource_index/rclcpp_components/usb_cam
[8.526s] -- Up-to-date: /home/akshat1902/my_ws/install/usb_cam/share/usb_cam/cmake/ament_cmake_export_libraries-extras.cmake
[8.526s] -- Up-to-date: /home/akshat1902/my_ws/install/usb_cam/share/usb_cam/cmake/ament_cmake_export_dependencies-extras.cmake
[8.526s] -- Up-to-date: /home/akshat1902/my_ws/install/usb_cam/share/usb_cam/cmake/ament_cmake_export_include_directories-extras.cmake
[8.526s] -- Up-to-date: /home/akshat1902/my_ws/install/usb_cam/share/usb_cam/cmake/usb_camConfig.cmake
[8.526s] -- Up-to-date: /home/akshat1902/my_ws/install/usb_cam/share/usb_cam/cmake/usb_camConfig-version.cmake
[8.526s] -- Installing: /home/akshat1902/my_ws/install/usb_cam/share/usb_cam/package.xml
[8.528s] Invoked command in '/home/akshat1902/my_ws/build/usb_cam' returned '0': CMAKE_PREFIX_PATH=${CMAKE_PREFIX_PATH}:/home/akshat1902/eyr_ws/install/ur5_control:/home/akshat1902/eyr_ws/install/sample_pkg_check:/home/akshat1902/eyr_ws/install/sample_pkg:/home/akshat1902/eyr_ws/install/ebot_navigation:/home/akshat1902/robo_ws/install/task:/home/akshat1902/robo_ws/install/moveit_configs_utils:/home/akshat1902/robo_ws/install/learning_tf2_py:/home/akshat1902/robo_ws/install/launch_param_builder:/home/akshat1902/robo_ws/install/goal6:/home/akshat1902/robo_ws/install/goal5:/home/akshat1902/robo_ws/install/goal4:/home/akshat1902/robo_ws/install/goal3:/home/akshat1902/robo_ws/install/goal2:/home/akshat1902/robo_ws/install/control_ur:/opt/ros/humble /usr/bin/cmake --install /home/akshat1902/my_ws/build/usb_cam
