[0.237s] Invoking command in '/home/akshat1902/my_ws/build/usb_cam': CMAKE_PREFIX_PATH=${CMAKE_PREFIX_PATH}:/home/akshat1902/my_ws/install/image_conversion:/home/akshat1902/eyr_ws/install/ur5_control:/home/akshat1902/eyr_ws/install/sample_pkg_check:/home/akshat1902/eyr_ws/install/sample_pkg:/home/akshat1902/eyr_ws/install/ebot_navigation:/home/akshat1902/robo_ws/install/task:/home/akshat1902/robo_ws/install/moveit_configs_utils:/home/akshat1902/robo_ws/install/learning_tf2_py:/home/akshat1902/robo_ws/install/launch_param_builder:/home/akshat1902/robo_ws/install/goal6:/home/akshat1902/robo_ws/install/goal5:/home/akshat1902/robo_ws/install/goal4:/home/akshat1902/robo_ws/install/goal3:/home/akshat1902/robo_ws/install/goal2:/home/akshat1902/robo_ws/install/control_ur:/opt/ros/humble /usr/bin/cmake --build /home/akshat1902/my_ws/build/usb_cam -- -j12 -l12
[0.296s] [ 57%] Built target usb_cam
[0.296s] [ 57%] Built target usb_cam_node_exe
[0.296s] [ 57%] Built target gtest_main
[0.296s] [ 57%] Built target gtest
[0.322s] [ 85%] Built target test_usb_cam_utils
[0.323s] [ 85%] Built target test_pixel_formats
[0.323s] [100%] Built target usb_cam_node
[0.335s] Invoked command in '/home/akshat1902/my_ws/build/usb_cam' returned '0': CMAKE_PREFIX_PATH=${CMAKE_PREFIX_PATH}:/home/akshat1902/my_ws/install/image_conversion:/home/akshat1902/eyr_ws/install/ur5_control:/home/akshat1902/eyr_ws/install/sample_pkg_check:/home/akshat1902/eyr_ws/install/sample_pkg:/home/akshat1902/eyr_ws/install/ebot_navigation:/home/akshat1902/robo_ws/install/task:/home/akshat1902/robo_ws/install/moveit_configs_utils:/home/akshat1902/robo_ws/install/learning_tf2_py:/home/akshat1902/robo_ws/install/launch_param_builder:/home/akshat1902/robo_ws/install/goal6:/home/akshat1902/robo_ws/install/goal5:/home/akshat1902/robo_ws/install/goal4:/home/akshat1902/robo_ws/install/goal3:/home/akshat1902/robo_ws/install/goal2:/home/akshat1902/robo_ws/install/control_ur:/opt/ros/humble /usr/bin/cmake --build /home/akshat1902/my_ws/build/usb_cam -- -j12 -l12
[0.387s] Invoking command in '/home/akshat1902/my_ws/build/usb_cam': CMAKE_PREFIX_PATH=${CMAKE_PREFIX_PATH}:/home/akshat1902/my_ws/install/image_conversion:/home/akshat1902/eyr_ws/install/ur5_control:/home/akshat1902/eyr_ws/install/sample_pkg_check:/home/akshat1902/eyr_ws/install/sample_pkg:/home/akshat1902/eyr_ws/install/ebot_navigation:/home/akshat1902/robo_ws/install/task:/home/akshat1902/robo_ws/install/moveit_configs_utils:/home/akshat1902/robo_ws/install/learning_tf2_py:/home/akshat1902/robo_ws/install/launch_param_builder:/home/akshat1902/robo_ws/install/goal6:/home/akshat1902/robo_ws/install/goal5:/home/akshat1902/robo_ws/install/goal4:/home/akshat1902/robo_ws/install/goal3:/home/akshat1902/robo_ws/install/goal2:/home/akshat1902/robo_ws/install/control_ur:/opt/ros/humble /usr/bin/cmake --install /home/akshat1902/my_ws/build/usb_cam
[0.394s] -- Install configuration: ""
[0.394s] -- Up-to-date: /home/akshat1902/my_ws/install/usb_cam/share/usb_cam/environment/library_path.sh
[0.394s] -- Up-to-date: /home/akshat1902/my_ws/install/usb_cam/share/usb_cam/environment/library_path.dsv
[0.394s] -- Up-to-date: /home/akshat1902/my_ws/install/usb_cam/lib/usb_cam/usb_cam_node_exe
[0.395s] -- Up-to-date: /home/akshat1902/my_ws/install/usb_cam/lib/usb_cam/show_image.py
[0.395s] -- Up-to-date: /home/akshat1902/my_ws/install/usb_cam/lib/libusb_cam.so
[0.395s] -- Up-to-date: /home/akshat1902/my_ws/install/usb_cam/lib/libusb_cam_node.so
[0.395s] -- Up-to-date: /home/akshat1902/my_ws/install/usb_cam/include
[0.395s] -- Up-to-date: /home/akshat1902/my_ws/install/usb_cam/include/usb_cam
[0.395s] -- Up-to-date: /home/akshat1902/my_ws/install/usb_cam/include/usb_cam/conversions.hpp
[0.395s] -- Up-to-date: /home/akshat1902/my_ws/install/usb_cam/include/usb_cam/usb_cam_node.hpp
[0.395s] -- Up-to-date: /home/akshat1902/my_ws/install/usb_cam/include/usb_cam/usb_cam.hpp
[0.395s] -- Up-to-date: /home/akshat1902/my_ws/install/usb_cam/include/usb_cam/utils.hpp
[0.396s] -- Up-to-date: /home/akshat1902/my_ws/install/usb_cam/include/usb_cam/formats
[0.396s] -- Up-to-date: /home/akshat1902/my_ws/install/usb_cam/include/usb_cam/formats/m420.hpp
[0.396s] -- Up-to-date: /home/akshat1902/my_ws/install/usb_cam/include/usb_cam/formats/yuyv.hpp
[0.396s] -- Up-to-date: /home/akshat1902/my_ws/install/usb_cam/include/usb_cam/formats/pixel_format_base.hpp
[0.396s] -- Up-to-date: /home/akshat1902/my_ws/install/usb_cam/include/usb_cam/formats/uyvy.hpp
[0.396s] -- Up-to-date: /home/akshat1902/my_ws/install/usb_cam/include/usb_cam/formats/utils.hpp
[0.396s] -- Up-to-date: /home/akshat1902/my_ws/install/usb_cam/include/usb_cam/formats/rgb.hpp
[0.396s] -- Up-to-date: /home/akshat1902/my_ws/install/usb_cam/include/usb_cam/formats/mono.hpp
[0.396s] -- Up-to-date: /home/akshat1902/my_ws/install/usb_cam/include/usb_cam/formats/av_pixel_format_helper.hpp
[0.396s] -- Up-to-date: /home/akshat1902/my_ws/install/usb_cam/include/usb_cam/formats/mjpeg.hpp
[0.397s] -- Up-to-date: /home/akshat1902/my_ws/install/usb_cam/include/usb_cam/constants.hpp
[0.397s] -- Up-to-date: /home/akshat1902/my_ws/install/usb_cam/lib/libusb_cam_node.so
[0.397s] -- Up-to-date: /home/akshat1902/my_ws/install/usb_cam/share/usb_cam/launch
[0.397s] -- Up-to-date: /home/akshat1902/my_ws/install/usb_cam/share/usb_cam/launch/camera.launch.py
[0.397s] -- Up-to-date: /home/akshat1902/my_ws/install/usb_cam/share/usb_cam/launch/__init__.py
[0.397s] -- Up-to-date: /home/akshat1902/my_ws/install/usb_cam/share/usb_cam/launch/camera_config.py
[0.397s] -- Up-to-date: /home/akshat1902/my_ws/install/usb_cam/share/usb_cam/config
[0.397s] -- Up-to-date: /home/akshat1902/my_ws/install/usb_cam/share/usb_cam/config/params_2.yaml
[0.397s] -- Up-to-date: /home/akshat1902/my_ws/install/usb_cam/share/usb_cam/config/camera_info.yaml
[0.397s] -- Up-to-date: /home/akshat1902/my_ws/install/usb_cam/share/usb_cam/config/params_1.yaml
[0.397s] -- Up-to-date: /home/akshat1902/my_ws/install/usb_cam/share/ament_index/resource_index/package_run_dependencies/usb_cam
[0.397s] -- Up-to-date: /home/akshat1902/my_ws/install/usb_cam/share/ament_index/resource_index/parent_prefix_path/usb_cam
[0.398s] -- Up-to-date: /home/akshat1902/my_ws/install/usb_cam/share/usb_cam/environment/ament_prefix_path.sh
[0.398s] -- Up-to-date: /home/akshat1902/my_ws/install/usb_cam/share/usb_cam/environment/ament_prefix_path.dsv
[0.398s] -- Up-to-date: /home/akshat1902/my_ws/install/usb_cam/share/usb_cam/environment/path.sh
[0.398s] -- Up-to-date: /home/akshat1902/my_ws/install/usb_cam/share/usb_cam/environment/path.dsv
[0.398s] -- Up-to-date: /home/akshat1902/my_ws/install/usb_cam/share/usb_cam/local_setup.bash
[0.398s] -- Up-to-date: /home/akshat1902/my_ws/install/usb_cam/share/usb_cam/local_setup.sh
[0.398s] -- Up-to-date: /home/akshat1902/my_ws/install/usb_cam/share/usb_cam/local_setup.zsh
[0.398s] -- Up-to-date: /home/akshat1902/my_ws/install/usb_cam/share/usb_cam/local_setup.dsv
[0.399s] -- Installing: /home/akshat1902/my_ws/install/usb_cam/share/usb_cam/package.dsv
[0.399s] -- Up-to-date: /home/akshat1902/my_ws/install/usb_cam/share/ament_index/resource_index/packages/usb_cam
[0.399s] -- Up-to-date: /home/akshat1902/my_ws/install/usb_cam/share/ament_index/resource_index/rclcpp_components/usb_cam
[0.399s] -- Up-to-date: /home/akshat1902/my_ws/install/usb_cam/share/usb_cam/cmake/ament_cmake_export_libraries-extras.cmake
[0.399s] -- Up-to-date: /home/akshat1902/my_ws/install/usb_cam/share/usb_cam/cmake/ament_cmake_export_dependencies-extras.cmake
[0.400s] -- Up-to-date: /home/akshat1902/my_ws/install/usb_cam/share/usb_cam/cmake/ament_cmake_export_include_directories-extras.cmake
[0.400s] -- Up-to-date: /home/akshat1902/my_ws/install/usb_cam/share/usb_cam/cmake/usb_camConfig.cmake
[0.400s] -- Up-to-date: /home/akshat1902/my_ws/install/usb_cam/share/usb_cam/cmake/usb_camConfig-version.cmake
[0.400s] -- Up-to-date: /home/akshat1902/my_ws/install/usb_cam/share/usb_cam/package.xml
[0.400s] Invoked command in '/home/akshat1902/my_ws/build/usb_cam' returned '0': CMAKE_PREFIX_PATH=${CMAKE_PREFIX_PATH}:/home/akshat1902/my_ws/install/image_conversion:/home/akshat1902/eyr_ws/install/ur5_control:/home/akshat1902/eyr_ws/install/sample_pkg_check:/home/akshat1902/eyr_ws/install/sample_pkg:/home/akshat1902/eyr_ws/install/ebot_navigation:/home/akshat1902/robo_ws/install/task:/home/akshat1902/robo_ws/install/moveit_configs_utils:/home/akshat1902/robo_ws/install/learning_tf2_py:/home/akshat1902/robo_ws/install/launch_param_builder:/home/akshat1902/robo_ws/install/goal6:/home/akshat1902/robo_ws/install/goal5:/home/akshat1902/robo_ws/install/goal4:/home/akshat1902/robo_ws/install/goal3:/home/akshat1902/robo_ws/install/goal2:/home/akshat1902/robo_ws/install/control_ur:/opt/ros/humble /usr/bin/cmake --install /home/akshat1902/my_ws/build/usb_cam
