[0.168s] DEBUG:colcon:Command line arguments: ['/usr/bin/colcon', 'build']
[0.168s] DEBUG:colcon:Parsed command line arguments: Namespace(log_base=None, log_level=None, verb_name='build', build_base='build', install_base='install', merge_install=False, symlink_install=False, test_result_base=None, continue_on_error=False, executor='parallel', parallel_workers=12, event_handlers=None, ignore_user_meta=False, metas=['./colcon.meta'], base_paths=['.'], packages_ignore=None, packages_ignore_regex=None, paths=None, packages_up_to=None, packages_up_to_regex=None, packages_above=None, packages_above_and_dependencies=None, packages_above_depth=None, packages_select_by_dep=None, packages_skip_by_dep=None, packages_skip_up_to=None, packages_select_build_failed=False, packages_skip_build_finished=False, packages_select_test_failures=False, packages_skip_test_passed=False, packages_select=None, packages_skip=None, packages_select_regex=None, packages_skip_regex=None, packages_start=None, packages_end=None, allow_overriding=[], cmake_args=None, cmake_target=None, cmake_target_skip_unavailable=False, cmake_clean_cache=False, cmake_clean_first=False, cmake_force_configure=False, ament_cmake_args=None, catkin_cmake_args=None, catkin_skip_building_tests=False, mixin_files=None, mixin=None, verb_parser=<colcon_mixin.mixin.mixin_argument.MixinArgumentDecorator object at 0x763bb4b75120>, verb_extension=<colcon_core.verb.build.BuildVerb object at 0x763bb4b74ac0>, main=<bound method BuildVerb.main of <colcon_core.verb.build.BuildVerb object at 0x763bb4b74ac0>>, mixin_verb=('build',))
[0.401s] Level 1:colcon.colcon_core.package_discovery:discover_packages(colcon_meta) check parameters
[0.401s] Level 1:colcon.colcon_core.package_discovery:discover_packages(recursive) check parameters
[0.401s] Level 1:colcon.colcon_core.package_discovery:discover_packages(ignore) check parameters
[0.401s] Level 1:colcon.colcon_core.package_discovery:discover_packages(path) check parameters
[0.401s] Level 1:colcon.colcon_core.package_discovery:discover_packages(colcon_meta) discover
[0.401s] Level 1:colcon.colcon_core.package_discovery:discover_packages(recursive) discover
[0.401s] INFO:colcon.colcon_core.package_discovery:Crawling recursively for packages in '/home/akshat1902/my_ws'
[0.401s] Level 1:colcon.colcon_core.package_identification:_identify(.) by extensions ['ignore', 'ignore_ament_install']
[0.401s] Level 1:colcon.colcon_core.package_identification:_identify(.) by extension 'ignore'
[0.401s] Level 1:colcon.colcon_core.package_identification:_identify(.) by extension 'ignore_ament_install'
[0.401s] Level 1:colcon.colcon_core.package_identification:_identify(.) by extensions ['colcon_pkg']
[0.402s] Level 1:colcon.colcon_core.package_identification:_identify(.) by extension 'colcon_pkg'
[0.402s] Level 1:colcon.colcon_core.package_identification:_identify(.) by extensions ['colcon_meta']
[0.402s] Level 1:colcon.colcon_core.package_identification:_identify(.) by extension 'colcon_meta'
[0.402s] Level 1:colcon.colcon_core.package_identification:_identify(.) by extensions ['ros']
[0.402s] Level 1:colcon.colcon_core.package_identification:_identify(.) by extension 'ros'
[0.417s] Level 1:colcon.colcon_core.package_identification:_identify(.) by extensions ['cmake', 'python']
[0.417s] Level 1:colcon.colcon_core.package_identification:_identify(.) by extension 'cmake'
[0.417s] Level 1:colcon.colcon_core.package_identification:_identify(.) by extension 'python'
[0.417s] Level 1:colcon.colcon_core.package_identification:_identify(.) by extensions ['python_setup_py']
[0.417s] Level 1:colcon.colcon_core.package_identification:_identify(.) by extension 'python_setup_py'
[0.417s] Level 1:colcon.colcon_core.package_identification:_identify(build) by extensions ['ignore', 'ignore_ament_install']
[0.418s] Level 1:colcon.colcon_core.package_identification:_identify(build) by extension 'ignore'
[0.418s] Level 1:colcon.colcon_core.package_identification:_identify(build) ignored
[0.418s] Level 1:colcon.colcon_core.package_identification:_identify(install) by extensions ['ignore', 'ignore_ament_install']
[0.418s] Level 1:colcon.colcon_core.package_identification:_identify(install) by extension 'ignore'
[0.418s] Level 1:colcon.colcon_core.package_identification:_identify(install) ignored
[0.418s] Level 1:colcon.colcon_core.package_identification:_identify(log) by extensions ['ignore', 'ignore_ament_install']
[0.418s] Level 1:colcon.colcon_core.package_identification:_identify(log) by extension 'ignore'
[0.418s] Level 1:colcon.colcon_core.package_identification:_identify(log) ignored
[0.418s] Level 1:colcon.colcon_core.package_identification:_identify(src) by extensions ['ignore', 'ignore_ament_install']
[0.418s] Level 1:colcon.colcon_core.package_identification:_identify(src) by extension 'ignore'
[0.418s] Level 1:colcon.colcon_core.package_identification:_identify(src) by extension 'ignore_ament_install'
[0.419s] Level 1:colcon.colcon_core.package_identification:_identify(src) by extensions ['colcon_pkg']
[0.419s] Level 1:colcon.colcon_core.package_identification:_identify(src) by extension 'colcon_pkg'
[0.419s] Level 1:colcon.colcon_core.package_identification:_identify(src) by extensions ['colcon_meta']
[0.419s] Level 1:colcon.colcon_core.package_identification:_identify(src) by extension 'colcon_meta'
[0.419s] Level 1:colcon.colcon_core.package_identification:_identify(src) by extensions ['ros']
[0.419s] Level 1:colcon.colcon_core.package_identification:_identify(src) by extension 'ros'
[0.419s] Level 1:colcon.colcon_core.package_identification:_identify(src) by extensions ['cmake', 'python']
[0.419s] Level 1:colcon.colcon_core.package_identification:_identify(src) by extension 'cmake'
[0.419s] Level 1:colcon.colcon_core.package_identification:_identify(src) by extension 'python'
[0.419s] Level 1:colcon.colcon_core.package_identification:_identify(src) by extensions ['python_setup_py']
[0.419s] Level 1:colcon.colcon_core.package_identification:_identify(src) by extension 'python_setup_py'
[0.419s] Level 1:colcon.colcon_core.package_identification:_identify(src/image_conversion) by extensions ['ignore', 'ignore_ament_install']
[0.419s] Level 1:colcon.colcon_core.package_identification:_identify(src/image_conversion) by extension 'ignore'
[0.419s] Level 1:colcon.colcon_core.package_identification:_identify(src/image_conversion) by extension 'ignore_ament_install'
[0.419s] Level 1:colcon.colcon_core.package_identification:_identify(src/image_conversion) by extensions ['colcon_pkg']
[0.419s] Level 1:colcon.colcon_core.package_identification:_identify(src/image_conversion) by extension 'colcon_pkg'
[0.419s] Level 1:colcon.colcon_core.package_identification:_identify(src/image_conversion) by extensions ['colcon_meta']
[0.419s] Level 1:colcon.colcon_core.package_identification:_identify(src/image_conversion) by extension 'colcon_meta'
[0.419s] Level 1:colcon.colcon_core.package_identification:_identify(src/image_conversion) by extensions ['ros']
[0.419s] Level 1:colcon.colcon_core.package_identification:_identify(src/image_conversion) by extension 'ros'
[0.423s] DEBUG:colcon.colcon_core.package_identification:Package 'src/image_conversion' with type 'ros.ament_python' and name 'image_conversion'
[0.423s] Level 1:colcon.colcon_core.package_identification:_identify(src/usb_cam) by extensions ['ignore', 'ignore_ament_install']
[0.423s] Level 1:colcon.colcon_core.package_identification:_identify(src/usb_cam) by extension 'ignore'
[0.423s] Level 1:colcon.colcon_core.package_identification:_identify(src/usb_cam) by extension 'ignore_ament_install'
[0.423s] Level 1:colcon.colcon_core.package_identification:_identify(src/usb_cam) by extensions ['colcon_pkg']
[0.423s] Level 1:colcon.colcon_core.package_identification:_identify(src/usb_cam) by extension 'colcon_pkg'
[0.423s] Level 1:colcon.colcon_core.package_identification:_identify(src/usb_cam) by extensions ['colcon_meta']
[0.423s] Level 1:colcon.colcon_core.package_identification:_identify(src/usb_cam) by extension 'colcon_meta'
[0.423s] Level 1:colcon.colcon_core.package_identification:_identify(src/usb_cam) by extensions ['ros']
[0.423s] Level 1:colcon.colcon_core.package_identification:_identify(src/usb_cam) by extension 'ros'
[0.464s] DEBUG:colcon.colcon_core.package_identification:Package 'src/usb_cam' with type 'ros.ament_cmake' and name 'usb_cam'
[0.464s] Level 1:colcon.colcon_core.package_discovery:discover_packages(recursive) using defaults
[0.464s] Level 1:colcon.colcon_core.package_discovery:discover_packages(ignore) discover
[0.464s] Level 1:colcon.colcon_core.package_discovery:discover_packages(ignore) using defaults
[0.464s] Level 1:colcon.colcon_core.package_discovery:discover_packages(path) discover
[0.464s] Level 1:colcon.colcon_core.package_discovery:discover_packages(path) using defaults
[0.493s] Level 1:colcon.colcon_core.package_discovery:discover_packages(prefix_path) check parameters
[0.493s] Level 1:colcon.colcon_core.package_discovery:discover_packages(prefix_path) discover
[0.498s] DEBUG:colcon.colcon_installed_package_information.package_discovery:Found 2 installed packages in /home/akshat1902/my_ws/install
[0.499s] DEBUG:colcon.colcon_installed_package_information.package_discovery:Found 23 installed packages in /home/akshat1902/robo_ws/install
[0.500s] DEBUG:colcon.colcon_installed_package_information.package_discovery:Found 13 installed packages in /home/akshat1902/eyr_ws/install
[0.503s] DEBUG:colcon.colcon_installed_package_information.package_discovery:Found 459 installed packages in /opt/ros/humble
[0.507s] Level 1:colcon.colcon_core.package_discovery:discover_packages(prefix_path) using defaults
[0.583s] Level 5:colcon.colcon_core.verb:set package 'image_conversion' build argument 'cmake_args' from command line to 'None'
[0.583s] Level 5:colcon.colcon_core.verb:set package 'image_conversion' build argument 'cmake_target' from command line to 'None'
[0.583s] Level 5:colcon.colcon_core.verb:set package 'image_conversion' build argument 'cmake_target_skip_unavailable' from command line to 'False'
[0.583s] Level 5:colcon.colcon_core.verb:set package 'image_conversion' build argument 'cmake_clean_cache' from command line to 'False'
[0.583s] Level 5:colcon.colcon_core.verb:set package 'image_conversion' build argument 'cmake_clean_first' from command line to 'False'
[0.583s] Level 5:colcon.colcon_core.verb:set package 'image_conversion' build argument 'cmake_force_configure' from command line to 'False'
[0.583s] Level 5:colcon.colcon_core.verb:set package 'image_conversion' build argument 'ament_cmake_args' from command line to 'None'
[0.583s] Level 5:colcon.colcon_core.verb:set package 'image_conversion' build argument 'catkin_cmake_args' from command line to 'None'
[0.583s] Level 5:colcon.colcon_core.verb:set package 'image_conversion' build argument 'catkin_skip_building_tests' from command line to 'False'
[0.583s] DEBUG:colcon.colcon_core.verb:Building package 'image_conversion' with the following arguments: {'ament_cmake_args': None, 'build_base': '/home/akshat1902/my_ws/build/image_conversion', 'catkin_cmake_args': None, 'catkin_skip_building_tests': False, 'cmake_args': None, 'cmake_clean_cache': False, 'cmake_clean_first': False, 'cmake_force_configure': False, 'cmake_target': None, 'cmake_target_skip_unavailable': False, 'install_base': '/home/akshat1902/my_ws/install/image_conversion', 'merge_install': False, 'path': '/home/akshat1902/my_ws/src/image_conversion', 'symlink_install': False, 'test_result_base': None}
[0.584s] Level 5:colcon.colcon_core.verb:set package 'usb_cam' build argument 'cmake_args' from command line to 'None'
[0.584s] Level 5:colcon.colcon_core.verb:set package 'usb_cam' build argument 'cmake_target' from command line to 'None'
[0.584s] Level 5:colcon.colcon_core.verb:set package 'usb_cam' build argument 'cmake_target_skip_unavailable' from command line to 'False'
[0.584s] Level 5:colcon.colcon_core.verb:set package 'usb_cam' build argument 'cmake_clean_cache' from command line to 'False'
[0.584s] Level 5:colcon.colcon_core.verb:set package 'usb_cam' build argument 'cmake_clean_first' from command line to 'False'
[0.584s] Level 5:colcon.colcon_core.verb:set package 'usb_cam' build argument 'cmake_force_configure' from command line to 'False'
[0.584s] Level 5:colcon.colcon_core.verb:set package 'usb_cam' build argument 'ament_cmake_args' from command line to 'None'
[0.584s] Level 5:colcon.colcon_core.verb:set package 'usb_cam' build argument 'catkin_cmake_args' from command line to 'None'
[0.584s] Level 5:colcon.colcon_core.verb:set package 'usb_cam' build argument 'catkin_skip_building_tests' from command line to 'False'
[0.584s] DEBUG:colcon.colcon_core.verb:Building package 'usb_cam' with the following arguments: {'ament_cmake_args': None, 'build_base': '/home/akshat1902/my_ws/build/usb_cam', 'catkin_cmake_args': None, 'catkin_skip_building_tests': False, 'cmake_args': None, 'cmake_clean_cache': False, 'cmake_clean_first': False, 'cmake_force_configure': False, 'cmake_target': None, 'cmake_target_skip_unavailable': False, 'install_base': '/home/akshat1902/my_ws/install/usb_cam', 'merge_install': False, 'path': '/home/akshat1902/my_ws/src/usb_cam', 'symlink_install': False, 'test_result_base': None}
[0.584s] INFO:colcon.colcon_core.executor:Executing jobs using 'parallel' executor
[0.585s] DEBUG:colcon.colcon_parallel_executor.executor.parallel:run_until_complete
[0.586s] INFO:colcon.colcon_ros.task.ament_python.build:Building ROS package in '/home/akshat1902/my_ws/src/image_conversion' with build type 'ament_python'
[0.586s] Level 1:colcon.colcon_core.shell:create_environment_hook('image_conversion', 'ament_prefix_path')
[0.589s] INFO:colcon.colcon_core.plugin_system:Skipping extension 'colcon_core.shell.bat': Not used on non-Windows systems
[0.589s] INFO:colcon.colcon_core.shell:Creating environment hook '/home/akshat1902/my_ws/install/image_conversion/share/image_conversion/hook/ament_prefix_path.ps1'
[0.590s] INFO:colcon.colcon_core.shell:Creating environment descriptor '/home/akshat1902/my_ws/install/image_conversion/share/image_conversion/hook/ament_prefix_path.dsv'
[0.591s] INFO:colcon.colcon_core.shell:Creating environment hook '/home/akshat1902/my_ws/install/image_conversion/share/image_conversion/hook/ament_prefix_path.sh'
[0.592s] INFO:colcon.colcon_core.shell:Skip shell extension 'powershell' for command environment: Not usable outside of PowerShell
[0.592s] DEBUG:colcon.colcon_core.shell:Skip shell extension 'dsv' for command environment
[0.601s] INFO:colcon.colcon_ros.task.ament_cmake.build:Building ROS package in '/home/akshat1902/my_ws/src/usb_cam' with build type 'ament_cmake'
[0.601s] INFO:colcon.colcon_cmake.task.cmake.build:Building CMake package in '/home/akshat1902/my_ws/src/usb_cam'
[0.601s] INFO:colcon.colcon_core.shell:Skip shell extension 'powershell' for command environment: Not usable outside of PowerShell
[0.601s] DEBUG:colcon.colcon_core.shell:Skip shell extension 'dsv' for command environment
[0.978s] INFO:colcon.colcon_core.task.python.build:Building Python package in '/home/akshat1902/my_ws/src/image_conversion'
[0.978s] INFO:colcon.colcon_core.shell:Skip shell extension 'powershell' for command environment: Not usable outside of PowerShell
[0.978s] DEBUG:colcon.colcon_core.shell:Skip shell extension 'dsv' for command environment
[0.994s] DEBUG:colcon.colcon_core.event_handler.log_command:Invoking command in '/home/akshat1902/my_ws/build/usb_cam': CMAKE_PREFIX_PATH=${CMAKE_PREFIX_PATH}:/home/akshat1902/my_ws/install/image_conversion:/home/akshat1902/eyr_ws/install/ur5_control:/home/akshat1902/eyr_ws/install/sample_pkg_check:/home/akshat1902/eyr_ws/install/sample_pkg:/home/akshat1902/eyr_ws/install/ebot_navigation:/home/akshat1902/robo_ws/install/task:/home/akshat1902/robo_ws/install/moveit_configs_utils:/home/akshat1902/robo_ws/install/learning_tf2_py:/home/akshat1902/robo_ws/install/launch_param_builder:/home/akshat1902/robo_ws/install/goal6:/home/akshat1902/robo_ws/install/goal5:/home/akshat1902/robo_ws/install/goal4:/home/akshat1902/robo_ws/install/goal3:/home/akshat1902/robo_ws/install/goal2:/home/akshat1902/robo_ws/install/control_ur:/opt/ros/humble /usr/bin/cmake --build /home/akshat1902/my_ws/build/usb_cam -- -j12 -l12
[1.140s] DEBUG:colcon.colcon_core.event_handler.log_command:Invoked command in '/home/akshat1902/my_ws/build/usb_cam' returned '0': CMAKE_PREFIX_PATH=${CMAKE_PREFIX_PATH}:/home/akshat1902/my_ws/install/image_conversion:/home/akshat1902/eyr_ws/install/ur5_control:/home/akshat1902/eyr_ws/install/sample_pkg_check:/home/akshat1902/eyr_ws/install/sample_pkg:/home/akshat1902/eyr_ws/install/ebot_navigation:/home/akshat1902/robo_ws/install/task:/home/akshat1902/robo_ws/install/moveit_configs_utils:/home/akshat1902/robo_ws/install/learning_tf2_py:/home/akshat1902/robo_ws/install/launch_param_builder:/home/akshat1902/robo_ws/install/goal6:/home/akshat1902/robo_ws/install/goal5:/home/akshat1902/robo_ws/install/goal4:/home/akshat1902/robo_ws/install/goal3:/home/akshat1902/robo_ws/install/goal2:/home/akshat1902/robo_ws/install/control_ur:/opt/ros/humble /usr/bin/cmake --build /home/akshat1902/my_ws/build/usb_cam -- -j12 -l12
[1.230s] DEBUG:colcon.colcon_core.event_handler.log_command:Invoking command in '/home/akshat1902/my_ws/build/usb_cam': CMAKE_PREFIX_PATH=${CMAKE_PREFIX_PATH}:/home/akshat1902/my_ws/install/image_conversion:/home/akshat1902/eyr_ws/install/ur5_control:/home/akshat1902/eyr_ws/install/sample_pkg_check:/home/akshat1902/eyr_ws/install/sample_pkg:/home/akshat1902/eyr_ws/install/ebot_navigation:/home/akshat1902/robo_ws/install/task:/home/akshat1902/robo_ws/install/moveit_configs_utils:/home/akshat1902/robo_ws/install/learning_tf2_py:/home/akshat1902/robo_ws/install/launch_param_builder:/home/akshat1902/robo_ws/install/goal6:/home/akshat1902/robo_ws/install/goal5:/home/akshat1902/robo_ws/install/goal4:/home/akshat1902/robo_ws/install/goal3:/home/akshat1902/robo_ws/install/goal2:/home/akshat1902/robo_ws/install/control_ur:/opt/ros/humble /usr/bin/cmake --install /home/akshat1902/my_ws/build/usb_cam
[1.247s] Level 1:colcon.colcon_core.environment:create_environment_scripts_only(usb_cam)
[1.247s] DEBUG:colcon.colcon_core.event_handler.log_command:Invoked command in '/home/akshat1902/my_ws/build/usb_cam' returned '0': CMAKE_PREFIX_PATH=${CMAKE_PREFIX_PATH}:/home/akshat1902/my_ws/install/image_conversion:/home/akshat1902/eyr_ws/install/ur5_control:/home/akshat1902/eyr_ws/install/sample_pkg_check:/home/akshat1902/eyr_ws/install/sample_pkg:/home/akshat1902/eyr_ws/install/ebot_navigation:/home/akshat1902/robo_ws/install/task:/home/akshat1902/robo_ws/install/moveit_configs_utils:/home/akshat1902/robo_ws/install/learning_tf2_py:/home/akshat1902/robo_ws/install/launch_param_builder:/home/akshat1902/robo_ws/install/goal6:/home/akshat1902/robo_ws/install/goal5:/home/akshat1902/robo_ws/install/goal4:/home/akshat1902/robo_ws/install/goal3:/home/akshat1902/robo_ws/install/goal2:/home/akshat1902/robo_ws/install/control_ur:/opt/ros/humble /usr/bin/cmake --install /home/akshat1902/my_ws/build/usb_cam
[1.251s] Level 1:colcon.colcon_core.environment:checking '/home/akshat1902/my_ws/install/usb_cam' for CMake module files
[1.251s] Level 1:colcon.colcon_core.environment:checking '/home/akshat1902/my_ws/install/usb_cam' for CMake config files
[1.251s] Level 1:colcon.colcon_core.shell:create_environment_hook('usb_cam', 'cmake_prefix_path')
[1.252s] INFO:colcon.colcon_core.shell:Creating environment hook '/home/akshat1902/my_ws/install/usb_cam/share/usb_cam/hook/cmake_prefix_path.ps1'
[1.252s] INFO:colcon.colcon_core.shell:Creating environment descriptor '/home/akshat1902/my_ws/install/usb_cam/share/usb_cam/hook/cmake_prefix_path.dsv'
[1.253s] INFO:colcon.colcon_core.shell:Creating environment hook '/home/akshat1902/my_ws/install/usb_cam/share/usb_cam/hook/cmake_prefix_path.sh'
[1.253s] Level 1:colcon.colcon_core.environment:checking '/home/akshat1902/my_ws/install/usb_cam/lib'
[1.254s] Level 1:colcon.colcon_core.shell:create_environment_hook('usb_cam', 'ld_library_path_lib')
[1.254s] INFO:colcon.colcon_core.shell:Creating environment hook '/home/akshat1902/my_ws/install/usb_cam/share/usb_cam/hook/ld_library_path_lib.ps1'
[1.254s] INFO:colcon.colcon_core.shell:Creating environment descriptor '/home/akshat1902/my_ws/install/usb_cam/share/usb_cam/hook/ld_library_path_lib.dsv'
[1.255s] INFO:colcon.colcon_core.shell:Creating environment hook '/home/akshat1902/my_ws/install/usb_cam/share/usb_cam/hook/ld_library_path_lib.sh'
[1.255s] Level 1:colcon.colcon_core.environment:checking '/home/akshat1902/my_ws/install/usb_cam/bin'
[1.255s] Level 1:colcon.colcon_core.environment:checking '/home/akshat1902/my_ws/install/usb_cam/lib/pkgconfig/usb_cam.pc'
[1.255s] Level 1:colcon.colcon_core.environment:checking '/home/akshat1902/my_ws/install/usb_cam/lib/python3.10/site-packages'
[1.255s] Level 1:colcon.colcon_core.environment:checking '/home/akshat1902/my_ws/install/usb_cam/bin'
[1.256s] INFO:colcon.colcon_core.shell:Creating package script '/home/akshat1902/my_ws/install/usb_cam/share/usb_cam/package.ps1'
[1.257s] INFO:colcon.colcon_core.shell:Creating package descriptor '/home/akshat1902/my_ws/install/usb_cam/share/usb_cam/package.dsv'
[1.257s] INFO:colcon.colcon_core.shell:Creating package script '/home/akshat1902/my_ws/install/usb_cam/share/usb_cam/package.sh'
[1.258s] INFO:colcon.colcon_core.shell:Creating package script '/home/akshat1902/my_ws/install/usb_cam/share/usb_cam/package.bash'
[1.259s] INFO:colcon.colcon_core.shell:Creating package script '/home/akshat1902/my_ws/install/usb_cam/share/usb_cam/package.zsh'
[1.260s] Level 1:colcon.colcon_core.environment:create_file_with_runtime_dependencies(/home/akshat1902/my_ws/install/usb_cam/share/colcon-core/packages/usb_cam)
[1.331s] Level 1:colcon.colcon_core.environment:create_environment_scripts_only(usb_cam)
[1.332s] Level 1:colcon.colcon_core.environment:checking '/home/akshat1902/my_ws/install/usb_cam' for CMake module files
[1.332s] Level 1:colcon.colcon_core.environment:checking '/home/akshat1902/my_ws/install/usb_cam' for CMake config files
[1.332s] Level 1:colcon.colcon_core.shell:create_environment_hook('usb_cam', 'cmake_prefix_path')
[1.333s] INFO:colcon.colcon_core.shell:Creating environment hook '/home/akshat1902/my_ws/install/usb_cam/share/usb_cam/hook/cmake_prefix_path.ps1'
[1.333s] INFO:colcon.colcon_core.shell:Creating environment descriptor '/home/akshat1902/my_ws/install/usb_cam/share/usb_cam/hook/cmake_prefix_path.dsv'
[1.334s] INFO:colcon.colcon_core.shell:Creating environment hook '/home/akshat1902/my_ws/install/usb_cam/share/usb_cam/hook/cmake_prefix_path.sh'
[1.334s] Level 1:colcon.colcon_core.environment:checking '/home/akshat1902/my_ws/install/usb_cam/lib'
[1.334s] Level 1:colcon.colcon_core.shell:create_environment_hook('usb_cam', 'ld_library_path_lib')
[1.335s] INFO:colcon.colcon_core.shell:Creating environment hook '/home/akshat1902/my_ws/install/usb_cam/share/usb_cam/hook/ld_library_path_lib.ps1'
[1.335s] INFO:colcon.colcon_core.shell:Creating environment descriptor '/home/akshat1902/my_ws/install/usb_cam/share/usb_cam/hook/ld_library_path_lib.dsv'
[1.335s] INFO:colcon.colcon_core.shell:Creating environment hook '/home/akshat1902/my_ws/install/usb_cam/share/usb_cam/hook/ld_library_path_lib.sh'
[1.336s] Level 1:colcon.colcon_core.environment:checking '/home/akshat1902/my_ws/install/usb_cam/bin'
[1.336s] Level 1:colcon.colcon_core.environment:checking '/home/akshat1902/my_ws/install/usb_cam/lib/pkgconfig/usb_cam.pc'
[1.336s] Level 1:colcon.colcon_core.environment:checking '/home/akshat1902/my_ws/install/usb_cam/lib/python3.10/site-packages'
[1.336s] Level 1:colcon.colcon_core.environment:checking '/home/akshat1902/my_ws/install/usb_cam/bin'
[1.337s] INFO:colcon.colcon_core.shell:Creating package script '/home/akshat1902/my_ws/install/usb_cam/share/usb_cam/package.ps1'
[1.337s] INFO:colcon.colcon_core.shell:Creating package descriptor '/home/akshat1902/my_ws/install/usb_cam/share/usb_cam/package.dsv'
[1.338s] INFO:colcon.colcon_core.shell:Creating package script '/home/akshat1902/my_ws/install/usb_cam/share/usb_cam/package.sh'
[1.338s] INFO:colcon.colcon_core.shell:Creating package script '/home/akshat1902/my_ws/install/usb_cam/share/usb_cam/package.bash'
[1.339s] INFO:colcon.colcon_core.shell:Creating package script '/home/akshat1902/my_ws/install/usb_cam/share/usb_cam/package.zsh'
[1.339s] Level 1:colcon.colcon_core.environment:create_file_with_runtime_dependencies(/home/akshat1902/my_ws/install/usb_cam/share/colcon-core/packages/usb_cam)
[1.490s] DEBUG:colcon.colcon_core.event_handler.log_command:Invoking command in '/home/akshat1902/my_ws/src/image_conversion': PYTHONPATH=/home/akshat1902/my_ws/build/image_conversion/prefix_override:/usr/lib/python3/dist-packages/colcon_core/task/python/colcon_distutils_commands:/home/akshat1902/my_ws/install/image_conversion/lib/python3.10/site-packages:${PYTHONPATH} /usr/bin/python3 -W ignore:setup.py install is deprecated setup.py egg_info --egg-base ../../build/image_conversion build --build-base /home/akshat1902/my_ws/build/image_conversion/build install --record /home/akshat1902/my_ws/build/image_conversion/install.log --single-version-externally-managed install_data
[1.882s] Level 1:colcon.colcon_core.environment:checking '/home/akshat1902/my_ws/install/image_conversion' for CMake module files
[1.883s] DEBUG:colcon.colcon_core.event_handler.log_command:Invoked command in '/home/akshat1902/my_ws/src/image_conversion' returned '0': PYTHONPATH=/home/akshat1902/my_ws/build/image_conversion/prefix_override:/usr/lib/python3/dist-packages/colcon_core/task/python/colcon_distutils_commands:/home/akshat1902/my_ws/install/image_conversion/lib/python3.10/site-packages:${PYTHONPATH} /usr/bin/python3 -W ignore:setup.py install is deprecated setup.py egg_info --egg-base ../../build/image_conversion build --build-base /home/akshat1902/my_ws/build/image_conversion/build install --record /home/akshat1902/my_ws/build/image_conversion/install.log --single-version-externally-managed install_data
[1.884s] Level 1:colcon.colcon_core.environment:checking '/home/akshat1902/my_ws/install/image_conversion' for CMake config files
[1.884s] Level 1:colcon.colcon_core.environment:checking '/home/akshat1902/my_ws/install/image_conversion/lib'
[1.884s] Level 1:colcon.colcon_core.environment:checking '/home/akshat1902/my_ws/install/image_conversion/bin'
[1.884s] Level 1:colcon.colcon_core.environment:checking '/home/akshat1902/my_ws/install/image_conversion/lib/pkgconfig/image_conversion.pc'
[1.885s] Level 1:colcon.colcon_core.environment:checking '/home/akshat1902/my_ws/install/image_conversion/lib/python3.10/site-packages'
[1.885s] Level 1:colcon.colcon_core.shell:create_environment_hook('image_conversion', 'pythonpath')
[1.885s] INFO:colcon.colcon_core.shell:Creating environment hook '/home/akshat1902/my_ws/install/image_conversion/share/image_conversion/hook/pythonpath.ps1'
[1.885s] INFO:colcon.colcon_core.shell:Creating environment descriptor '/home/akshat1902/my_ws/install/image_conversion/share/image_conversion/hook/pythonpath.dsv'
[1.886s] INFO:colcon.colcon_core.shell:Creating environment hook '/home/akshat1902/my_ws/install/image_conversion/share/image_conversion/hook/pythonpath.sh'
[1.886s] Level 1:colcon.colcon_core.environment:checking '/home/akshat1902/my_ws/install/image_conversion/bin'
[1.887s] Level 1:colcon.colcon_core.environment:create_environment_scripts_only(image_conversion)
[1.887s] INFO:colcon.colcon_core.shell:Creating package script '/home/akshat1902/my_ws/install/image_conversion/share/image_conversion/package.ps1'
[1.887s] INFO:colcon.colcon_core.shell:Creating package descriptor '/home/akshat1902/my_ws/install/image_conversion/share/image_conversion/package.dsv'
[1.888s] INFO:colcon.colcon_core.shell:Creating package script '/home/akshat1902/my_ws/install/image_conversion/share/image_conversion/package.sh'
[1.889s] INFO:colcon.colcon_core.shell:Creating package script '/home/akshat1902/my_ws/install/image_conversion/share/image_conversion/package.bash'
[1.889s] INFO:colcon.colcon_core.shell:Creating package script '/home/akshat1902/my_ws/install/image_conversion/share/image_conversion/package.zsh'
[1.890s] Level 1:colcon.colcon_core.environment:create_file_with_runtime_dependencies(/home/akshat1902/my_ws/install/image_conversion/share/colcon-core/packages/image_conversion)
[1.890s] DEBUG:colcon.colcon_parallel_executor.executor.parallel:closing loop
[1.891s] DEBUG:colcon.colcon_parallel_executor.executor.parallel:loop closed
[1.891s] DEBUG:colcon.colcon_parallel_executor.executor.parallel:run_until_complete finished with '0'
[1.891s] DEBUG:colcon.colcon_core.event_reactor:joining thread
[1.898s] INFO:colcon.colcon_core.plugin_system:Skipping extension 'colcon_notification.desktop_notification.terminal_notifier': Not used on non-Darwin systems
[1.898s] INFO:colcon.colcon_core.plugin_system:Skipping extension 'colcon_notification.desktop_notification.win32': Not used on non-Windows systems
[1.898s] INFO:colcon.colcon_notification.desktop_notification:Sending desktop notification using 'notify2'
[1.912s] DEBUG:colcon.colcon_core.event_reactor:joined thread
[1.912s] INFO:colcon.colcon_core.shell:Creating prefix script '/home/akshat1902/my_ws/install/local_setup.ps1'
[1.914s] INFO:colcon.colcon_core.shell:Creating prefix util module '/home/akshat1902/my_ws/install/_local_setup_util_ps1.py'
[1.915s] INFO:colcon.colcon_core.shell:Creating prefix chain script '/home/akshat1902/my_ws/install/setup.ps1'
[1.918s] INFO:colcon.colcon_core.shell:Creating prefix script '/home/akshat1902/my_ws/install/local_setup.sh'
[1.919s] INFO:colcon.colcon_core.shell:Creating prefix util module '/home/akshat1902/my_ws/install/_local_setup_util_sh.py'
[1.919s] INFO:colcon.colcon_core.shell:Creating prefix chain script '/home/akshat1902/my_ws/install/setup.sh'
[1.922s] INFO:colcon.colcon_core.shell:Creating prefix script '/home/akshat1902/my_ws/install/local_setup.bash'
[1.923s] INFO:colcon.colcon_core.shell:Creating prefix chain script '/home/akshat1902/my_ws/install/setup.bash'
[1.926s] INFO:colcon.colcon_core.shell:Creating prefix script '/home/akshat1902/my_ws/install/local_setup.zsh'
[1.926s] INFO:colcon.colcon_core.shell:Creating prefix chain script '/home/akshat1902/my_ws/install/setup.zsh'
