[0.095s] DEBUG:colcon:Command line arguments: ['/usr/bin/colcon', 'build']
[0.095s] DEBUG:colcon:Parsed command line arguments: Namespace(log_base=None, log_level=None, verb_name='build', build_base='build', install_base='install', merge_install=False, symlink_install=False, test_result_base=None, continue_on_error=False, executor='parallel', parallel_workers=12, event_handlers=None, ignore_user_meta=False, metas=['./colcon.meta'], base_paths=['.'], packages_ignore=None, packages_ignore_regex=None, paths=None, packages_up_to=None, packages_up_to_regex=None, packages_above=None, packages_above_and_dependencies=None, packages_above_depth=None, packages_select_by_dep=None, packages_skip_by_dep=None, packages_skip_up_to=None, packages_select_build_failed=False, packages_skip_build_finished=False, packages_select_test_failures=False, packages_skip_test_passed=False, packages_select=None, packages_skip=None, packages_select_regex=None, packages_skip_regex=None, packages_start=None, packages_end=None, allow_overriding=[], cmake_args=None, cmake_target=None, cmake_target_skip_unavailable=False, cmake_clean_cache=False, cmake_clean_first=False, cmake_force_configure=False, ament_cmake_args=None, catkin_cmake_args=None, catkin_skip_building_tests=False, mixin_files=None, mixin=None, verb_parser=<colcon_mixin.mixin.mixin_argument.MixinArgumentDecorator object at 0x7026b2770e20>, verb_extension=<colcon_core.verb.build.BuildVerb object at 0x7026b27707c0>, main=<bound method BuildVerb.main of <colcon_core.verb.build.BuildVerb object at 0x7026b27707c0>>, mixin_verb=('build',))
[0.232s] Level 1:colcon.colcon_core.package_discovery:discover_packages(colcon_meta) check parameters
[0.232s] Level 1:colcon.colcon_core.package_discovery:discover_packages(recursive) check parameters
[0.232s] Level 1:colcon.colcon_core.package_discovery:discover_packages(ignore) check parameters
[0.232s] Level 1:colcon.colcon_core.package_discovery:discover_packages(path) check parameters
[0.232s] Level 1:colcon.colcon_core.package_discovery:discover_packages(colcon_meta) discover
[0.232s] Level 1:colcon.colcon_core.package_discovery:discover_packages(recursive) discover
[0.232s] INFO:colcon.colcon_core.package_discovery:Crawling recursively for packages in '/home/akshat1902/my_ws'
[0.232s] Level 1:colcon.colcon_core.package_identification:_identify(.) by extensions ['ignore', 'ignore_ament_install']
[0.232s] Level 1:colcon.colcon_core.package_identification:_identify(.) by extension 'ignore'
[0.232s] Level 1:colcon.colcon_core.package_identification:_identify(.) by extension 'ignore_ament_install'
[0.232s] Level 1:colcon.colcon_core.package_identification:_identify(.) by extensions ['colcon_pkg']
[0.232s] Level 1:colcon.colcon_core.package_identification:_identify(.) by extension 'colcon_pkg'
[0.232s] Level 1:colcon.colcon_core.package_identification:_identify(.) by extensions ['colcon_meta']
[0.233s] Level 1:colcon.colcon_core.package_identification:_identify(.) by extension 'colcon_meta'
[0.233s] Level 1:colcon.colcon_core.package_identification:_identify(.) by extensions ['ros']
[0.233s] Level 1:colcon.colcon_core.package_identification:_identify(.) by extension 'ros'
[0.240s] Level 1:colcon.colcon_core.package_identification:_identify(.) by extensions ['cmake', 'python']
[0.240s] Level 1:colcon.colcon_core.package_identification:_identify(.) by extension 'cmake'
[0.240s] Level 1:colcon.colcon_core.package_identification:_identify(.) by extension 'python'
[0.240s] Level 1:colcon.colcon_core.package_identification:_identify(.) by extensions ['python_setup_py']
[0.240s] Level 1:colcon.colcon_core.package_identification:_identify(.) by extension 'python_setup_py'
[0.241s] Level 1:colcon.colcon_core.package_identification:_identify(build) by extensions ['ignore', 'ignore_ament_install']
[0.241s] Level 1:colcon.colcon_core.package_identification:_identify(build) by extension 'ignore'
[0.241s] Level 1:colcon.colcon_core.package_identification:_identify(build) ignored
[0.241s] Level 1:colcon.colcon_core.package_identification:_identify(install) by extensions ['ignore', 'ignore_ament_install']
[0.241s] Level 1:colcon.colcon_core.package_identification:_identify(install) by extension 'ignore'
[0.241s] Level 1:colcon.colcon_core.package_identification:_identify(install) ignored
[0.241s] Level 1:colcon.colcon_core.package_identification:_identify(log) by extensions ['ignore', 'ignore_ament_install']
[0.241s] Level 1:colcon.colcon_core.package_identification:_identify(log) by extension 'ignore'
[0.241s] Level 1:colcon.colcon_core.package_identification:_identify(log) ignored
[0.241s] Level 1:colcon.colcon_core.package_identification:_identify(src) by extensions ['ignore', 'ignore_ament_install']
[0.241s] Level 1:colcon.colcon_core.package_identification:_identify(src) by extension 'ignore'
[0.241s] Level 1:colcon.colcon_core.package_identification:_identify(src) by extension 'ignore_ament_install'
[0.241s] Level 1:colcon.colcon_core.package_identification:_identify(src) by extensions ['colcon_pkg']
[0.241s] Level 1:colcon.colcon_core.package_identification:_identify(src) by extension 'colcon_pkg'
[0.241s] Level 1:colcon.colcon_core.package_identification:_identify(src) by extensions ['colcon_meta']
[0.241s] Level 1:colcon.colcon_core.package_identification:_identify(src) by extension 'colcon_meta'
[0.241s] Level 1:colcon.colcon_core.package_identification:_identify(src) by extensions ['ros']
[0.241s] Level 1:colcon.colcon_core.package_identification:_identify(src) by extension 'ros'
[0.241s] Level 1:colcon.colcon_core.package_identification:_identify(src) by extensions ['cmake', 'python']
[0.241s] Level 1:colcon.colcon_core.package_identification:_identify(src) by extension 'cmake'
[0.241s] Level 1:colcon.colcon_core.package_identification:_identify(src) by extension 'python'
[0.241s] Level 1:colcon.colcon_core.package_identification:_identify(src) by extensions ['python_setup_py']
[0.241s] Level 1:colcon.colcon_core.package_identification:_identify(src) by extension 'python_setup_py'
[0.242s] Level 1:colcon.colcon_core.package_identification:_identify(src/usb_cam) by extensions ['ignore', 'ignore_ament_install']
[0.242s] Level 1:colcon.colcon_core.package_identification:_identify(src/usb_cam) by extension 'ignore'
[0.242s] Level 1:colcon.colcon_core.package_identification:_identify(src/usb_cam) by extension 'ignore_ament_install'
[0.242s] Level 1:colcon.colcon_core.package_identification:_identify(src/usb_cam) by extensions ['colcon_pkg']
[0.242s] Level 1:colcon.colcon_core.package_identification:_identify(src/usb_cam) by extension 'colcon_pkg'
[0.242s] Level 1:colcon.colcon_core.package_identification:_identify(src/usb_cam) by extensions ['colcon_meta']
[0.242s] Level 1:colcon.colcon_core.package_identification:_identify(src/usb_cam) by extension 'colcon_meta'
[0.242s] Level 1:colcon.colcon_core.package_identification:_identify(src/usb_cam) by extensions ['ros']
[0.242s] Level 1:colcon.colcon_core.package_identification:_identify(src/usb_cam) by extension 'ros'
[0.255s] DEBUG:colcon.colcon_core.package_identification:Package 'src/usb_cam' with type 'ros.ament_cmake' and name 'usb_cam'
[0.255s] Level 1:colcon.colcon_core.package_discovery:discover_packages(recursive) using defaults
[0.255s] Level 1:colcon.colcon_core.package_discovery:discover_packages(ignore) discover
[0.255s] Level 1:colcon.colcon_core.package_discovery:discover_packages(ignore) using defaults
[0.255s] Level 1:colcon.colcon_core.package_discovery:discover_packages(path) discover
[0.255s] Level 1:colcon.colcon_core.package_discovery:discover_packages(path) using defaults
[0.271s] Level 1:colcon.colcon_core.package_discovery:discover_packages(prefix_path) check parameters
[0.271s] Level 1:colcon.colcon_core.package_discovery:discover_packages(prefix_path) discover
[0.273s] DEBUG:colcon.colcon_installed_package_information.package_discovery:Found 0 installed packages in /home/akshat1902/my_ws/install
[0.274s] DEBUG:colcon.colcon_installed_package_information.package_discovery:Found 23 installed packages in /home/akshat1902/robo_ws/install
[0.275s] DEBUG:colcon.colcon_installed_package_information.package_discovery:Found 13 installed packages in /home/akshat1902/eyr_ws/install
[0.276s] DEBUG:colcon.colcon_installed_package_information.package_discovery:Found 459 installed packages in /opt/ros/humble
[0.279s] Level 1:colcon.colcon_core.package_discovery:discover_packages(prefix_path) using defaults
[0.320s] Level 5:colcon.colcon_core.verb:set package 'usb_cam' build argument 'cmake_args' from command line to 'None'
[0.320s] Level 5:colcon.colcon_core.verb:set package 'usb_cam' build argument 'cmake_target' from command line to 'None'
[0.320s] Level 5:colcon.colcon_core.verb:set package 'usb_cam' build argument 'cmake_target_skip_unavailable' from command line to 'False'
[0.320s] Level 5:colcon.colcon_core.verb:set package 'usb_cam' build argument 'cmake_clean_cache' from command line to 'False'
[0.320s] Level 5:colcon.colcon_core.verb:set package 'usb_cam' build argument 'cmake_clean_first' from command line to 'False'
[0.320s] Level 5:colcon.colcon_core.verb:set package 'usb_cam' build argument 'cmake_force_configure' from command line to 'False'
[0.320s] Level 5:colcon.colcon_core.verb:set package 'usb_cam' build argument 'ament_cmake_args' from command line to 'None'
[0.320s] Level 5:colcon.colcon_core.verb:set package 'usb_cam' build argument 'catkin_cmake_args' from command line to 'None'
[0.320s] Level 5:colcon.colcon_core.verb:set package 'usb_cam' build argument 'catkin_skip_building_tests' from command line to 'False'
[0.320s] DEBUG:colcon.colcon_core.verb:Building package 'usb_cam' with the following arguments: {'ament_cmake_args': None, 'build_base': '/home/akshat1902/my_ws/build/usb_cam', 'catkin_cmake_args': None, 'catkin_skip_building_tests': False, 'cmake_args': None, 'cmake_clean_cache': False, 'cmake_clean_first': False, 'cmake_force_configure': False, 'cmake_target': None, 'cmake_target_skip_unavailable': False, 'install_base': '/home/akshat1902/my_ws/install/usb_cam', 'merge_install': False, 'path': '/home/akshat1902/my_ws/src/usb_cam', 'symlink_install': False, 'test_result_base': None}
[0.321s] INFO:colcon.colcon_core.executor:Executing jobs using 'parallel' executor
[0.321s] DEBUG:colcon.colcon_parallel_executor.executor.parallel:run_until_complete
[0.321s] INFO:colcon.colcon_ros.task.ament_cmake.build:Building ROS package in '/home/akshat1902/my_ws/src/usb_cam' with build type 'ament_cmake'
[0.322s] INFO:colcon.colcon_cmake.task.cmake.build:Building CMake package in '/home/akshat1902/my_ws/src/usb_cam'
[0.323s] INFO:colcon.colcon_core.plugin_system:Skipping extension 'colcon_core.shell.bat': Not used on non-Windows systems
[0.323s] INFO:colcon.colcon_core.shell:Skip shell extension 'powershell' for command environment: Not usable outside of PowerShell
[0.323s] DEBUG:colcon.colcon_core.shell:Skip shell extension 'dsv' for command environment
[0.372s] DEBUG:colcon.colcon_core.event_handler.log_command:Invoking command in '/home/akshat1902/my_ws/build/usb_cam': CMAKE_PREFIX_PATH=${CMAKE_PREFIX_PATH}:/home/akshat1902/robo_ws/install/task:/home/akshat1902/eyr_ws/install/ur5_control:/home/akshat1902/eyr_ws/install/sample_pkg_check:/home/akshat1902/eyr_ws/install/sample_pkg:/home/akshat1902/eyr_ws/install/ebot_navigation:/home/akshat1902/robo_ws/install/moveit_configs_utils:/home/akshat1902/robo_ws/install/learning_tf2_py:/home/akshat1902/robo_ws/install/launch_param_builder:/home/akshat1902/robo_ws/install/goal6:/home/akshat1902/robo_ws/install/goal5:/home/akshat1902/robo_ws/install/goal4:/home/akshat1902/robo_ws/install/goal3:/home/akshat1902/robo_ws/install/goal2:/home/akshat1902/robo_ws/install/control_ur:/opt/ros/humble /usr/bin/cmake /home/akshat1902/my_ws/src/usb_cam -DCMAKE_INSTALL_PREFIX=/home/akshat1902/my_ws/install/usb_cam
[7.260s] DEBUG:colcon.colcon_core.event_handler.log_command:Invoked command in '/home/akshat1902/my_ws/build/usb_cam' returned '0': CMAKE_PREFIX_PATH=${CMAKE_PREFIX_PATH}:/home/akshat1902/robo_ws/install/task:/home/akshat1902/eyr_ws/install/ur5_control:/home/akshat1902/eyr_ws/install/sample_pkg_check:/home/akshat1902/eyr_ws/install/sample_pkg:/home/akshat1902/eyr_ws/install/ebot_navigation:/home/akshat1902/robo_ws/install/moveit_configs_utils:/home/akshat1902/robo_ws/install/learning_tf2_py:/home/akshat1902/robo_ws/install/launch_param_builder:/home/akshat1902/robo_ws/install/goal6:/home/akshat1902/robo_ws/install/goal5:/home/akshat1902/robo_ws/install/goal4:/home/akshat1902/robo_ws/install/goal3:/home/akshat1902/robo_ws/install/goal2:/home/akshat1902/robo_ws/install/control_ur:/opt/ros/humble /usr/bin/cmake /home/akshat1902/my_ws/src/usb_cam -DCMAKE_INSTALL_PREFIX=/home/akshat1902/my_ws/install/usb_cam
[7.262s] DEBUG:colcon.colcon_core.event_handler.log_command:Invoking command in '/home/akshat1902/my_ws/build/usb_cam': CMAKE_PREFIX_PATH=${CMAKE_PREFIX_PATH}:/home/akshat1902/robo_ws/install/task:/home/akshat1902/eyr_ws/install/ur5_control:/home/akshat1902/eyr_ws/install/sample_pkg_check:/home/akshat1902/eyr_ws/install/sample_pkg:/home/akshat1902/eyr_ws/install/ebot_navigation:/home/akshat1902/robo_ws/install/moveit_configs_utils:/home/akshat1902/robo_ws/install/learning_tf2_py:/home/akshat1902/robo_ws/install/launch_param_builder:/home/akshat1902/robo_ws/install/goal6:/home/akshat1902/robo_ws/install/goal5:/home/akshat1902/robo_ws/install/goal4:/home/akshat1902/robo_ws/install/goal3:/home/akshat1902/robo_ws/install/goal2:/home/akshat1902/robo_ws/install/control_ur:/opt/ros/humble /usr/bin/cmake --build /home/akshat1902/my_ws/build/usb_cam -- -j12 -l12
[19.580s] DEBUG:colcon.colcon_core.event_handler.log_command:Invoked command in '/home/akshat1902/my_ws/build/usb_cam' returned '0': CMAKE_PREFIX_PATH=${CMAKE_PREFIX_PATH}:/home/akshat1902/robo_ws/install/task:/home/akshat1902/eyr_ws/install/ur5_control:/home/akshat1902/eyr_ws/install/sample_pkg_check:/home/akshat1902/eyr_ws/install/sample_pkg:/home/akshat1902/eyr_ws/install/ebot_navigation:/home/akshat1902/robo_ws/install/moveit_configs_utils:/home/akshat1902/robo_ws/install/learning_tf2_py:/home/akshat1902/robo_ws/install/launch_param_builder:/home/akshat1902/robo_ws/install/goal6:/home/akshat1902/robo_ws/install/goal5:/home/akshat1902/robo_ws/install/goal4:/home/akshat1902/robo_ws/install/goal3:/home/akshat1902/robo_ws/install/goal2:/home/akshat1902/robo_ws/install/control_ur:/opt/ros/humble /usr/bin/cmake --build /home/akshat1902/my_ws/build/usb_cam -- -j12 -l12
[19.635s] DEBUG:colcon.colcon_core.event_handler.log_command:Invoking command in '/home/akshat1902/my_ws/build/usb_cam': CMAKE_PREFIX_PATH=${CMAKE_PREFIX_PATH}:/home/akshat1902/robo_ws/install/task:/home/akshat1902/eyr_ws/install/ur5_control:/home/akshat1902/eyr_ws/install/sample_pkg_check:/home/akshat1902/eyr_ws/install/sample_pkg:/home/akshat1902/eyr_ws/install/ebot_navigation:/home/akshat1902/robo_ws/install/moveit_configs_utils:/home/akshat1902/robo_ws/install/learning_tf2_py:/home/akshat1902/robo_ws/install/launch_param_builder:/home/akshat1902/robo_ws/install/goal6:/home/akshat1902/robo_ws/install/goal5:/home/akshat1902/robo_ws/install/goal4:/home/akshat1902/robo_ws/install/goal3:/home/akshat1902/robo_ws/install/goal2:/home/akshat1902/robo_ws/install/control_ur:/opt/ros/humble /usr/bin/cmake --install /home/akshat1902/my_ws/build/usb_cam
[19.654s] Level 1:colcon.colcon_core.environment:create_environment_scripts_only(usb_cam)
[19.655s] DEBUG:colcon.colcon_core.event_handler.log_command:Invoked command in '/home/akshat1902/my_ws/build/usb_cam' returned '0': CMAKE_PREFIX_PATH=${CMAKE_PREFIX_PATH}:/home/akshat1902/robo_ws/install/task:/home/akshat1902/eyr_ws/install/ur5_control:/home/akshat1902/eyr_ws/install/sample_pkg_check:/home/akshat1902/eyr_ws/install/sample_pkg:/home/akshat1902/eyr_ws/install/ebot_navigation:/home/akshat1902/robo_ws/install/moveit_configs_utils:/home/akshat1902/robo_ws/install/learning_tf2_py:/home/akshat1902/robo_ws/install/launch_param_builder:/home/akshat1902/robo_ws/install/goal6:/home/akshat1902/robo_ws/install/goal5:/home/akshat1902/robo_ws/install/goal4:/home/akshat1902/robo_ws/install/goal3:/home/akshat1902/robo_ws/install/goal2:/home/akshat1902/robo_ws/install/control_ur:/opt/ros/humble /usr/bin/cmake --install /home/akshat1902/my_ws/build/usb_cam
[19.657s] Level 1:colcon.colcon_core.environment:checking '/home/akshat1902/my_ws/install/usb_cam' for CMake module files
[19.657s] Level 1:colcon.colcon_core.environment:checking '/home/akshat1902/my_ws/install/usb_cam' for CMake config files
[19.657s] Level 1:colcon.colcon_core.shell:create_environment_hook('usb_cam', 'cmake_prefix_path')
[19.657s] INFO:colcon.colcon_core.shell:Creating environment hook '/home/akshat1902/my_ws/install/usb_cam/share/usb_cam/hook/cmake_prefix_path.ps1'
[19.658s] INFO:colcon.colcon_core.shell:Creating environment descriptor '/home/akshat1902/my_ws/install/usb_cam/share/usb_cam/hook/cmake_prefix_path.dsv'
[19.658s] INFO:colcon.colcon_core.shell:Creating environment hook '/home/akshat1902/my_ws/install/usb_cam/share/usb_cam/hook/cmake_prefix_path.sh'
[19.659s] Level 1:colcon.colcon_core.environment:checking '/home/akshat1902/my_ws/install/usb_cam/lib'
[19.659s] Level 1:colcon.colcon_core.shell:create_environment_hook('usb_cam', 'ld_library_path_lib')
[19.659s] INFO:colcon.colcon_core.shell:Creating environment hook '/home/akshat1902/my_ws/install/usb_cam/share/usb_cam/hook/ld_library_path_lib.ps1'
[19.659s] INFO:colcon.colcon_core.shell:Creating environment descriptor '/home/akshat1902/my_ws/install/usb_cam/share/usb_cam/hook/ld_library_path_lib.dsv'
[19.660s] INFO:colcon.colcon_core.shell:Creating environment hook '/home/akshat1902/my_ws/install/usb_cam/share/usb_cam/hook/ld_library_path_lib.sh'
[19.660s] Level 1:colcon.colcon_core.environment:checking '/home/akshat1902/my_ws/install/usb_cam/bin'
[19.660s] Level 1:colcon.colcon_core.environment:checking '/home/akshat1902/my_ws/install/usb_cam/lib/pkgconfig/usb_cam.pc'
[19.660s] Level 1:colcon.colcon_core.environment:checking '/home/akshat1902/my_ws/install/usb_cam/lib/python3.10/site-packages'
[19.660s] Level 1:colcon.colcon_core.environment:checking '/home/akshat1902/my_ws/install/usb_cam/bin'
[19.660s] INFO:colcon.colcon_core.shell:Creating package script '/home/akshat1902/my_ws/install/usb_cam/share/usb_cam/package.ps1'
[19.661s] INFO:colcon.colcon_core.shell:Creating package descriptor '/home/akshat1902/my_ws/install/usb_cam/share/usb_cam/package.dsv'
[19.661s] INFO:colcon.colcon_core.shell:Creating package script '/home/akshat1902/my_ws/install/usb_cam/share/usb_cam/package.sh'
[19.662s] INFO:colcon.colcon_core.shell:Creating package script '/home/akshat1902/my_ws/install/usb_cam/share/usb_cam/package.bash'
[19.662s] INFO:colcon.colcon_core.shell:Creating package script '/home/akshat1902/my_ws/install/usb_cam/share/usb_cam/package.zsh'
[19.663s] Level 1:colcon.colcon_core.environment:create_file_with_runtime_dependencies(/home/akshat1902/my_ws/install/usb_cam/share/colcon-core/packages/usb_cam)
[19.707s] Level 1:colcon.colcon_core.environment:create_environment_scripts_only(usb_cam)
[19.707s] Level 1:colcon.colcon_core.environment:checking '/home/akshat1902/my_ws/install/usb_cam' for CMake module files
[19.708s] Level 1:colcon.colcon_core.environment:checking '/home/akshat1902/my_ws/install/usb_cam' for CMake config files
[19.708s] Level 1:colcon.colcon_core.shell:create_environment_hook('usb_cam', 'cmake_prefix_path')
[19.708s] INFO:colcon.colcon_core.shell:Creating environment hook '/home/akshat1902/my_ws/install/usb_cam/share/usb_cam/hook/cmake_prefix_path.ps1'
[19.709s] INFO:colcon.colcon_core.shell:Creating environment descriptor '/home/akshat1902/my_ws/install/usb_cam/share/usb_cam/hook/cmake_prefix_path.dsv'
[19.709s] INFO:colcon.colcon_core.shell:Creating environment hook '/home/akshat1902/my_ws/install/usb_cam/share/usb_cam/hook/cmake_prefix_path.sh'
[19.709s] Level 1:colcon.colcon_core.environment:checking '/home/akshat1902/my_ws/install/usb_cam/lib'
[19.709s] Level 1:colcon.colcon_core.shell:create_environment_hook('usb_cam', 'ld_library_path_lib')
[19.709s] INFO:colcon.colcon_core.shell:Creating environment hook '/home/akshat1902/my_ws/install/usb_cam/share/usb_cam/hook/ld_library_path_lib.ps1'
[19.710s] INFO:colcon.colcon_core.shell:Creating environment descriptor '/home/akshat1902/my_ws/install/usb_cam/share/usb_cam/hook/ld_library_path_lib.dsv'
[19.710s] INFO:colcon.colcon_core.shell:Creating environment hook '/home/akshat1902/my_ws/install/usb_cam/share/usb_cam/hook/ld_library_path_lib.sh'
[19.710s] Level 1:colcon.colcon_core.environment:checking '/home/akshat1902/my_ws/install/usb_cam/bin'
[19.710s] Level 1:colcon.colcon_core.environment:checking '/home/akshat1902/my_ws/install/usb_cam/lib/pkgconfig/usb_cam.pc'
[19.710s] Level 1:colcon.colcon_core.environment:checking '/home/akshat1902/my_ws/install/usb_cam/lib/python3.10/site-packages'
[19.711s] Level 1:colcon.colcon_core.environment:checking '/home/akshat1902/my_ws/install/usb_cam/bin'
[19.711s] INFO:colcon.colcon_core.shell:Creating package script '/home/akshat1902/my_ws/install/usb_cam/share/usb_cam/package.ps1'
[19.711s] INFO:colcon.colcon_core.shell:Creating package descriptor '/home/akshat1902/my_ws/install/usb_cam/share/usb_cam/package.dsv'
[19.712s] INFO:colcon.colcon_core.shell:Creating package script '/home/akshat1902/my_ws/install/usb_cam/share/usb_cam/package.sh'
[19.712s] INFO:colcon.colcon_core.shell:Creating package script '/home/akshat1902/my_ws/install/usb_cam/share/usb_cam/package.bash'
[19.712s] INFO:colcon.colcon_core.shell:Creating package script '/home/akshat1902/my_ws/install/usb_cam/share/usb_cam/package.zsh'
[19.713s] Level 1:colcon.colcon_core.environment:create_file_with_runtime_dependencies(/home/akshat1902/my_ws/install/usb_cam/share/colcon-core/packages/usb_cam)
[19.713s] DEBUG:colcon.colcon_parallel_executor.executor.parallel:closing loop
[19.713s] DEBUG:colcon.colcon_parallel_executor.executor.parallel:loop closed
[19.713s] DEBUG:colcon.colcon_parallel_executor.executor.parallel:run_until_complete finished with '0'
[19.713s] DEBUG:colcon.colcon_core.event_reactor:joining thread
[19.718s] INFO:colcon.colcon_core.plugin_system:Skipping extension 'colcon_notification.desktop_notification.terminal_notifier': Not used on non-Darwin systems
[19.718s] INFO:colcon.colcon_core.plugin_system:Skipping extension 'colcon_notification.desktop_notification.win32': Not used on non-Windows systems
[19.718s] INFO:colcon.colcon_notification.desktop_notification:Sending desktop notification using 'notify2'
[19.727s] DEBUG:colcon.colcon_core.event_reactor:joined thread
[19.728s] INFO:colcon.colcon_core.shell:Creating prefix script '/home/akshat1902/my_ws/install/local_setup.ps1'
[19.729s] INFO:colcon.colcon_core.shell:Creating prefix util module '/home/akshat1902/my_ws/install/_local_setup_util_ps1.py'
[19.730s] INFO:colcon.colcon_core.shell:Creating prefix chain script '/home/akshat1902/my_ws/install/setup.ps1'
[19.731s] INFO:colcon.colcon_core.shell:Creating prefix script '/home/akshat1902/my_ws/install/local_setup.sh'
[19.732s] INFO:colcon.colcon_core.shell:Creating prefix util module '/home/akshat1902/my_ws/install/_local_setup_util_sh.py'
[19.732s] INFO:colcon.colcon_core.shell:Creating prefix chain script '/home/akshat1902/my_ws/install/setup.sh'
[19.734s] INFO:colcon.colcon_core.shell:Creating prefix script '/home/akshat1902/my_ws/install/local_setup.bash'
[19.734s] INFO:colcon.colcon_core.shell:Creating prefix chain script '/home/akshat1902/my_ws/install/setup.bash'
[19.736s] INFO:colcon.colcon_core.shell:Creating prefix script '/home/akshat1902/my_ws/install/local_setup.zsh'
[19.736s] INFO:colcon.colcon_core.shell:Creating prefix chain script '/home/akshat1902/my_ws/install/setup.zsh'
